Building DAG of jobs...
MissingInputException in line 18 of /mnt/archive/HARVEST/genotypes-base-src/snakefiles/generate-base.snake:
Missing input files for rule all:
/mnt/archive/HARVEST/genotypes-base/imputed/merged/unique_rsids/20-merged-unique-rsids.vcf.gz
/mnt/archive/HARVEST/genotypes-base/imputed/merged/unique_rsids/2-merged-unique-rsids.vcf.gz
/mnt/archive/HARVEST/genotypes-base/imputed/merged/unique_rsids/common/10-merged-unique-rsids-common.vcf.gz
/mnt/archive/HARVEST/genotypes-base/imputed/merged/unique_rsids/common/17-merged-unique-rsids-common.vcf.gz
/mnt/archive/HARVEST/genotypes-base/imputed/merged/unique_rsids/18-merged-unique-rsids.vcf.gz
/mnt/archive/HARVEST/genotypes-base/imputed/merged/unique_rsids/common/4-merged-unique-rsids-common.vcf.gz
/mnt/archive/HARVEST/genotypes-base/imputed/merged/unique_rsids/common/3-merged-unique-rsids-common.vcf.gz
/mnt/archive/HARVEST/genotypes-base/imputed/merged/unique_rsids/common/21-merged-unique-rsids-common.vcf.gz
/mnt/archive/HARVEST/genotypes-base/imputed/merged/unique_rsids/common/19-merged-unique-rsids-common.vcf.gz
/mnt/archive/HARVEST/genotypes-base/imputed/merged/unique_rsids/10-merged-unique-rsids.vcf.gz
/mnt/archive/HARVEST/genotypes-base/imputed/merged/unique_rsids/16-merged-unique-rsids.vcf.gz
/mnt/archive/HARVEST/genotypes-base/imputed/merged/unique_rsids/common/20-merged-unique-rsids-common.vcf.gz
/mnt/archive/HARVEST/genotypes-base/imputed/merged/unique_rsids/common/15-merged-unique-rsids-common.vcf.gz
/mnt/archive/HARVEST/genotypes-base/imputed/merged/unique_rsids/common/9-merged-unique-rsids-common.vcf.gz
/mnt/archive/HARVEST/genotypes-base/imputed/merged/unique_rsids/1-merged-unique-rsids.vcf.gz
/mnt/archive/HARVEST/genotypes-base/imputed/merged/unique_rsids/4-merged-unique-rsids.vcf.gz
/mnt/archive/HARVEST/genotypes-base/imputed/merged/unique_rsids/common/7-merged-unique-rsids-common.vcf.gz
/mnt/archive/HARVEST/genotypes-base/imputed/merged/unique_rsids/common/6-merged-unique-rsids-common.vcf.gz
/mnt/archive/HARVEST/genotypes-base/imputed/merged/unique_rsids/13-merged-unique-rsids.vcf.gz
/mnt/archive/HARVEST/genotypes-base/imputed/merged/unique_rsids/3-merged-unique-rsids.vcf.gz
/mnt/archive/HARVEST/genotypes-base/imputed/merged/unique_rsids/14-merged-unique-rsids.vcf.gz
/mnt/archive/HARVEST/genotypes-base/imputed/merged/unique_rsids/6-merged-unique-rsids.vcf.gz
/mnt/archive/HARVEST/genotypes-base/imputed/merged/unique_rsids/5-merged-unique-rsids.vcf.gz
/mnt/archive/HARVEST/genotypes-base/imputed/merged/unique_rsids/8-merged-unique-rsids.vcf.gz
/mnt/archive/HARVEST/genotypes-base/imputed/merged/unique_rsids/common/8-merged-unique-rsids-common.vcf.gz
/mnt/archive/HARVEST/genotypes-base/imputed/merged/unique_rsids/15-merged-unique-rsids.vcf.gz
/mnt/archive/HARVEST/genotypes-base/imputed/merged/unique_rsids/7-merged-unique-rsids.vcf.gz
/mnt/archive/HARVEST/genotypes-base/imputed/merged/unique_rsids/common/12-merged-unique-rsids-common.vcf.gz
/mnt/archive/HARVEST/genotypes-base/imputed/merged/unique_rsids/common/11-merged-unique-rsids-common.vcf.gz
/mnt/archive/HARVEST/genotypes-base/imputed/merged/unique_rsids/common/16-merged-unique-rsids-common.vcf.gz
/mnt/archive/HARVEST/genotypes-base/imputed/merged/unique_rsids/17-merged-unique-rsids.vcf.gz
/mnt/archive/HARVEST/genotypes-base/imputed/merged/unique_rsids/19-merged-unique-rsids.vcf.gz
/mnt/archive/HARVEST/genotypes-base/imputed/merged/unique_rsids/12-merged-unique-rsids.vcf.gz
/mnt/archive/HARVEST/genotypes-base/imputed/merged/unique_rsids/21-merged-unique-rsids.vcf.gz
/mnt/archive/HARVEST/genotypes-base/imputed/merged/unique_rsids/common/2-merged-unique-rsids-common.vcf.gz
/mnt/archive/HARVEST/genotypes-base/imputed/merged/unique_rsids/11-merged-unique-rsids.vcf.gz
/mnt/archive/HARVEST/genotypes-base/imputed/merged/unique_rsids/common/13-merged-unique-rsids-common.vcf.gz
/mnt/archive/HARVEST/genotypes-base/imputed/merged/unique_rsids/common/18-merged-unique-rsids-common.vcf.gz
/mnt/archive/HARVEST/genotypes-base/imputed/merged/unique_rsids/common/5-merged-unique-rsids-common.vcf.gz
/mnt/archive/HARVEST/genotypes-base/imputed/merged/unique_rsids/22-merged-unique-rsids.vcf.gz
/mnt/archive/HARVEST/genotypes-base/imputed/merged/unique_rsids/common/22-merged-unique-rsids-common.vcf.gz
/mnt/archive/HARVEST/genotypes-base/imputed/merged/unique_rsids/common/1-merged-unique-rsids-common.vcf.gz
/mnt/archive/HARVEST/genotypes-base/imputed/merged/unique_rsids/9-merged-unique-rsids.vcf.gz
/mnt/archive/HARVEST/genotypes-base/imputed/merged/unique_rsids/common/14-merged-unique-rsids-common.vcf.gz
