Building DAG of jobs...
Using shell: /bin/bash
Provided cores: 10
Rules claiming more threads will be scaled down.
Job counts:
	count	jobs
	1	all
	22	extract_common
	20	generate_unique_rsids
	1	merge_imputed
	44

rule generate_unique_rsids:
    input: /mnt/archive/HARVEST/genotypes-base/imputed/merged/4-merged.vcf.gz
    output: /mnt/archive/HARVEST/genotypes-base/imputed/merged/unique_rsids/4-merged-unique-rsids.vcf.gz
    jobid: 5
    wildcards: chr=4


        zcat /mnt/archive/HARVEST/genotypes-base/imputed/merged/4-merged.vcf.gz | awk -v OFS='	' '$0~/^#/{print; next} {snp[$3]++} $3=="."{$3=$1":"$2"_"$4"/"$5} snp[$3]>1 {$3=$3"_"snp[$3]} {print}' | gzip > /mnt/archive/HARVEST/genotypes-base/imputed/merged/unique_rsids/4-merged-unique-rsids.vcf.gz
        
rule generate_unique_rsids:
    input: /mnt/archive/HARVEST/genotypes-base/imputed/merged/1-merged.vcf.gz
    output: /mnt/archive/HARVEST/genotypes-base/imputed/merged/unique_rsids/1-merged-unique-rsids.vcf.gz
    jobid: 21
    wildcards: chr=1


        zcat /mnt/archive/HARVEST/genotypes-base/imputed/merged/1-merged.vcf.gz | awk -v OFS='	' '$0~/^#/{print; next} {snp[$3]++} $3=="."{$3=$1":"$2"_"$4"/"$5} snp[$3]>1 {$3=$3"_"snp[$3]} {print}' | gzip > /mnt/archive/HARVEST/genotypes-base/imputed/merged/unique_rsids/1-merged-unique-rsids.vcf.gz
        
rule generate_unique_rsids:
    input: /mnt/archive/HARVEST/genotypes-base/imputed/merged/2-merged.vcf.gz
    output: /mnt/archive/HARVEST/genotypes-base/imputed/merged/unique_rsids/2-merged-unique-rsids.vcf.gz
    jobid: 22
    wildcards: chr=2


        zcat /mnt/archive/HARVEST/genotypes-base/imputed/merged/2-merged.vcf.gz | awk -v OFS='	' '$0~/^#/{print; next} {snp[$3]++} $3=="."{$3=$1":"$2"_"$4"/"$5} snp[$3]>1 {$3=$3"_"snp[$3]} {print}' | gzip > /mnt/archive/HARVEST/genotypes-base/imputed/merged/unique_rsids/2-merged-unique-rsids.vcf.gz
        
rule generate_unique_rsids:
    input: /mnt/archive/HARVEST/genotypes-base/imputed/merged/5-merged.vcf.gz
    output: /mnt/archive/HARVEST/genotypes-base/imputed/merged/unique_rsids/5-merged-unique-rsids.vcf.gz
    jobid: 23
    wildcards: chr=5


        zcat /mnt/archive/HARVEST/genotypes-base/imputed/merged/5-merged.vcf.gz | awk -v OFS='	' '$0~/^#/{print; next} {snp[$3]++} $3=="."{$3=$1":"$2"_"$4"/"$5} snp[$3]>1 {$3=$3"_"snp[$3]} {print}' | gzip > /mnt/archive/HARVEST/genotypes-base/imputed/merged/unique_rsids/5-merged-unique-rsids.vcf.gz
        
rule generate_unique_rsids:
    input: /mnt/archive/HARVEST/genotypes-base/imputed/merged/6-merged.vcf.gz
    output: /mnt/archive/HARVEST/genotypes-base/imputed/merged/unique_rsids/6-merged-unique-rsids.vcf.gz
    jobid: 34
    wildcards: chr=6


        zcat /mnt/archive/HARVEST/genotypes-base/imputed/merged/6-merged.vcf.gz | awk -v OFS='	' '$0~/^#/{print; next} {snp[$3]++} $3=="."{$3=$1":"$2"_"$4"/"$5} snp[$3]>1 {$3=$3"_"snp[$3]} {print}' | gzip > /mnt/archive/HARVEST/genotypes-base/imputed/merged/unique_rsids/6-merged-unique-rsids.vcf.gz
        
rule generate_unique_rsids:
    input: /mnt/archive/HARVEST/genotypes-base/imputed/merged/10-merged.vcf.gz
    output: /mnt/archive/HARVEST/genotypes-base/imputed/merged/unique_rsids/10-merged-unique-rsids.vcf.gz
    jobid: 47
    wildcards: chr=10


        zcat /mnt/archive/HARVEST/genotypes-base/imputed/merged/10-merged.vcf.gz | awk -v OFS='	' '$0~/^#/{print; next} {snp[$3]++} $3=="."{$3=$1":"$2"_"$4"/"$5} snp[$3]>1 {$3=$3"_"snp[$3]} {print}' | gzip > /mnt/archive/HARVEST/genotypes-base/imputed/merged/unique_rsids/10-merged-unique-rsids.vcf.gz
        

rule generate_unique_rsids:
    input: /mnt/archive/HARVEST/genotypes-base/imputed/merged/8-merged.vcf.gz
    output: /mnt/archive/HARVEST/genotypes-base/imputed/merged/unique_rsids/8-merged-unique-rsids.vcf.gz
    jobid: 52
    wildcards: chr=8

rule generate_unique_rsids:
    input: /mnt/archive/HARVEST/genotypes-base/imputed/merged/3-merged.vcf.gz
    output: /mnt/archive/HARVEST/genotypes-base/imputed/merged/unique_rsids/3-merged-unique-rsids.vcf.gz
    jobid: 54
    wildcards: chr=3


        zcat /mnt/archive/HARVEST/genotypes-base/imputed/merged/8-merged.vcf.gz | awk -v OFS='	' '$0~/^#/{print; next} {snp[$3]++} $3=="."{$3=$1":"$2"_"$4"/"$5} snp[$3]>1 {$3=$3"_"snp[$3]} {print}' | gzip > /mnt/archive/HARVEST/genotypes-base/imputed/merged/unique_rsids/8-merged-unique-rsids.vcf.gz
        

rule merge_imputed:
    input: /mnt/archive/HARVEST/delivery-fhi/data/imputed/imputed_m24/17.vcf.gz, /mnt/archive/HARVEST/delivery-fhi/data/imputed/imputed_m12/17.vcf.gz
    output: /mnt/archive/HARVEST/genotypes-base/imputed/merged/17-merged.vcf.gz
    jobid: 55
    wildcards: chr=17

        zcat /mnt/archive/HARVEST/genotypes-base/imputed/merged/3-merged.vcf.gz | awk -v OFS='	' '$0~/^#/{print; next} {snp[$3]++} $3=="."{$3=$1":"$2"_"$4"/"$5} snp[$3]>1 {$3=$3"_"snp[$3]} {print}' | gzip > /mnt/archive/HARVEST/genotypes-base/imputed/merged/unique_rsids/3-merged-unique-rsids.vcf.gz
        

rule generate_unique_rsids:
    input: /mnt/archive/HARVEST/genotypes-base/imputed/merged/7-merged.vcf.gz
    output: /mnt/archive/HARVEST/genotypes-base/imputed/merged/unique_rsids/7-merged-unique-rsids.vcf.gz
    jobid: 58
    wildcards: chr=7


        /mnt/archive/HARVEST/genotypes-base-src/software/bcftools-1.7/bcftools merge --info-rules INFO:avg -o /mnt/archive/HARVEST/genotypes-base/imputed/merged/17-merged.vcf.gz -Oz /mnt/archive/HARVEST/delivery-fhi/data/imputed/imputed_m12/17.vcf.gz /mnt/archive/HARVEST/delivery-fhi/data/imputed/imputed_m24/17.vcf.gz
        

        zcat /mnt/archive/HARVEST/genotypes-base/imputed/merged/7-merged.vcf.gz | awk -v OFS='	' '$0~/^#/{print; next} {snp[$3]++} $3=="."{$3=$1":"$2"_"$4"/"$5} snp[$3]>1 {$3=$3"_"snp[$3]} {print}' | gzip > /mnt/archive/HARVEST/genotypes-base/imputed/merged/unique_rsids/7-merged-unique-rsids.vcf.gz
        
Error in rule generate_unique_rsids:
    jobid: 52
    output: /mnt/archive/HARVEST/genotypes-base/imputed/merged/unique_rsids/8-merged-unique-rsids.vcf.gz

RuleException:
CalledProcessError in line 35 of /mnt/archive/HARVEST/genotypes-base-src/snakefiles/generate-base.snake:
Command ' set -euo pipefail;  
        zcat /mnt/archive/HARVEST/genotypes-base/imputed/merged/8-merged.vcf.gz | awk -v OFS='	' '$0~/^#/{print; next} {snp[$3]++} $3=="."{$3=$1":"$2"_"$4"/"$5} snp[$3]>1 {$3=$3"_"snp[$3]} {print}' | gzip > /mnt/archive/HARVEST/genotypes-base/imputed/merged/unique_rsids/8-merged-unique-rsids.vcf.gz ' returned non-zero exit status 1
  File "/mnt/archive/HARVEST/genotypes-base-src/snakefiles/generate-base.snake", line 35, in __rule_generate_unique_rsids
  File "/usr/lib/python3.5/concurrent/futures/thread.py", line 55, in run
Removing output files of failed job generate_unique_rsids since they might be corrupted:
/mnt/archive/HARVEST/genotypes-base/imputed/merged/unique_rsids/8-merged-unique-rsids.vcf.gz
Terminating processes on user request, this might take some time.
Error in rule merge_imputed:
    jobid: 55
    output: /mnt/archive/HARVEST/genotypes-base/imputed/merged/17-merged.vcf.gz

RuleException:
CalledProcessError in line 24 of /mnt/archive/HARVEST/genotypes-base-src/snakefiles/generate-base.snake:
Command ' set -euo pipefail;  
        /mnt/archive/HARVEST/genotypes-base-src/software/bcftools-1.7/bcftools merge --info-rules INFO:avg -o /mnt/archive/HARVEST/genotypes-base/imputed/merged/17-merged.vcf.gz -Oz /mnt/archive/HARVEST/delivery-fhi/data/imputed/imputed_m12/17.vcf.gz /mnt/archive/HARVEST/delivery-fhi/data/imputed/imputed_m24/17.vcf.gz ' returned non-zero exit status -2
  File "/mnt/archive/HARVEST/genotypes-base-src/snakefiles/generate-base.snake", line 24, in __rule_merge_imputed
  File "/usr/lib/python3.5/concurrent/futures/thread.py", line 55, in run
Removing output files of failed job merge_imputed since they might be corrupted:
/mnt/archive/HARVEST/genotypes-base/imputed/merged/17-merged.vcf.gz
Error in rule generate_unique_rsids:
    jobid: 34
    output: /mnt/archive/HARVEST/genotypes-base/imputed/merged/unique_rsids/6-merged-unique-rsids.vcf.gz

RuleException:
CalledProcessError in line 35 of /mnt/archive/HARVEST/genotypes-base-src/snakefiles/generate-base.snake:
Command ' set -euo pipefail;  
        zcat /mnt/archive/HARVEST/genotypes-base/imputed/merged/6-merged.vcf.gz | awk -v OFS='	' '$0~/^#/{print; next} {snp[$3]++} $3=="."{$3=$1":"$2"_"$4"/"$5} snp[$3]>1 {$3=$3"_"snp[$3]} {print}' | gzip > /mnt/archive/HARVEST/genotypes-base/imputed/merged/unique_rsids/6-merged-unique-rsids.vcf.gz ' returned non-zero exit status -2
  File "/mnt/archive/HARVEST/genotypes-base-src/snakefiles/generate-base.snake", line 35, in __rule_generate_unique_rsids
  File "/usr/lib/python3.5/concurrent/futures/thread.py", line 55, in run
Error in rule generate_unique_rsids:
    jobid: 58
    output: /mnt/archive/HARVEST/genotypes-base/imputed/merged/unique_rsids/7-merged-unique-rsids.vcf.gz

Error in rule generate_unique_rsids:
    jobid: 21
    output: /mnt/archive/HARVEST/genotypes-base/imputed/merged/unique_rsids/1-merged-unique-rsids.vcf.gz

RuleException:
CalledProcessError in line 35 of /mnt/archive/HARVEST/genotypes-base-src/snakefiles/generate-base.snake:
Command ' set -euo pipefail;  
        zcat /mnt/archive/HARVEST/genotypes-base/imputed/merged/1-merged.vcf.gz | awk -v OFS='	' '$0~/^#/{print; next} {snp[$3]++} $3=="."{$3=$1":"$2"_"$4"/"$5} snp[$3]>1 {$3=$3"_"snp[$3]} {print}' | gzip > /mnt/archive/HARVEST/genotypes-base/imputed/merged/unique_rsids/1-merged-unique-rsids.vcf.gz ' returned non-zero exit status -2
  File "/mnt/archive/HARVEST/genotypes-base-src/snakefiles/generate-base.snake", line 35, in __rule_generate_unique_rsids
  File "/usr/lib/python3.5/concurrent/futures/thread.py", line 55, in run
RuleException:
CalledProcessError in line 35 of /mnt/archive/HARVEST/genotypes-base-src/snakefiles/generate-base.snake:
Command ' set -euo pipefail;  
        zcat /mnt/archive/HARVEST/genotypes-base/imputed/merged/7-merged.vcf.gz | awk -v OFS='	' '$0~/^#/{print; next} {snp[$3]++} $3=="."{$3=$1":"$2"_"$4"/"$5} snp[$3]>1 {$3=$3"_"snp[$3]} {print}' | gzip > /mnt/archive/HARVEST/genotypes-base/imputed/merged/unique_rsids/7-merged-unique-rsids.vcf.gz ' returned non-zero exit status -2
  File "/mnt/archive/HARVEST/genotypes-base-src/snakefiles/generate-base.snake", line 35, in __rule_generate_unique_rsids
  File "/usr/lib/python3.5/concurrent/futures/thread.py", line 55, in run
Error in rule generate_unique_rsids:
    jobid: 23
    output: /mnt/archive/HARVEST/genotypes-base/imputed/merged/unique_rsids/5-merged-unique-rsids.vcf.gz

RuleException:
CalledProcessError in line 35 of /mnt/archive/HARVEST/genotypes-base-src/snakefiles/generate-base.snake:
Command ' set -euo pipefail;  
        zcat /mnt/archive/HARVEST/genotypes-base/imputed/merged/5-merged.vcf.gz | awk -v OFS='	' '$0~/^#/{print; next} {snp[$3]++} $3=="."{$3=$1":"$2"_"$4"/"$5} snp[$3]>1 {$3=$3"_"snp[$3]} {print}' | gzip > /mnt/archive/HARVEST/genotypes-base/imputed/merged/unique_rsids/5-merged-unique-rsids.vcf.gz ' returned non-zero exit status -2
  File "/mnt/archive/HARVEST/genotypes-base-src/snakefiles/generate-base.snake", line 35, in __rule_generate_unique_rsids
  File "/usr/lib/python3.5/concurrent/futures/thread.py", line 55, in run
Error in rule generate_unique_rsids:
    jobid: 54
    output: /mnt/archive/HARVEST/genotypes-base/imputed/merged/unique_rsids/3-merged-unique-rsids.vcf.gz
Error in rule generate_unique_rsids:
    jobid: 47

Error in rule generate_unique_rsids:
Error in rule generate_unique_rsids:
    output: /mnt/archive/HARVEST/genotypes-base/imputed/merged/unique_rsids/10-merged-unique-rsids.vcf.gz
    jobid: 5
    jobid: 22

    output: /mnt/archive/HARVEST/genotypes-base/imputed/merged/unique_rsids/4-merged-unique-rsids.vcf.gz
    output: /mnt/archive/HARVEST/genotypes-base/imputed/merged/unique_rsids/2-merged-unique-rsids.vcf.gz


RuleException:
CalledProcessError in line 35 of /mnt/archive/HARVEST/genotypes-base-src/snakefiles/generate-base.snake:
Command ' set -euo pipefail;  
        zcat /mnt/archive/HARVEST/genotypes-base/imputed/merged/10-merged.vcf.gz | awk -v OFS='	' '$0~/^#/{print; next} {snp[$3]++} $3=="."{$3=$1":"$2"_"$4"/"$5} snp[$3]>1 {$3=$3"_"snp[$3]} {print}' | gzip > /mnt/archive/HARVEST/genotypes-base/imputed/merged/unique_rsids/10-merged-unique-rsids.vcf.gz ' returned non-zero exit status -2
  File "/mnt/archive/HARVEST/genotypes-base-src/snakefiles/generate-base.snake", line 35, in __rule_generate_unique_rsids
  File "/usr/lib/python3.5/concurrent/futures/thread.py", line 55, in run
RuleException:
CalledProcessError in line 35 of /mnt/archive/HARVEST/genotypes-base-src/snakefiles/generate-base.snake:
Command ' set -euo pipefail;  
        zcat /mnt/archive/HARVEST/genotypes-base/imputed/merged/3-merged.vcf.gz | awk -v OFS='	' '$0~/^#/{print; next} {snp[$3]++} $3=="."{$3=$1":"$2"_"$4"/"$5} snp[$3]>1 {$3=$3"_"snp[$3]} {print}' | gzip > /mnt/archive/HARVEST/genotypes-base/imputed/merged/unique_rsids/3-merged-unique-rsids.vcf.gz ' returned non-zero exit status -2
  File "/mnt/archive/HARVEST/genotypes-base-src/snakefiles/generate-base.snake", line 35, in __rule_generate_unique_rsids
  File "/usr/lib/python3.5/concurrent/futures/thread.py", line 55, in run
RuleException:
CalledProcessError in line 35 of /mnt/archive/HARVEST/genotypes-base-src/snakefiles/generate-base.snake:
Command ' set -euo pipefail;  
        zcat /mnt/archive/HARVEST/genotypes-base/imputed/merged/4-merged.vcf.gz | awk -v OFS='	' '$0~/^#/{print; next} {snp[$3]++} $3=="."{$3=$1":"$2"_"$4"/"$5} snp[$3]>1 {$3=$3"_"snp[$3]} {print}' | gzip > /mnt/archive/HARVEST/genotypes-base/imputed/merged/unique_rsids/4-merged-unique-rsids.vcf.gz ' returned non-zero exit status -2
  File "/mnt/archive/HARVEST/genotypes-base-src/snakefiles/generate-base.snake", line 35, in __rule_generate_unique_rsids
  File "/usr/lib/python3.5/concurrent/futures/thread.py", line 55, in run
RuleException:
CalledProcessError in line 35 of /mnt/archive/HARVEST/genotypes-base-src/snakefiles/generate-base.snake:
Command ' set -euo pipefail;  
        zcat /mnt/archive/HARVEST/genotypes-base/imputed/merged/2-merged.vcf.gz | awk -v OFS='	' '$0~/^#/{print; next} {snp[$3]++} $3=="."{$3=$1":"$2"_"$4"/"$5} snp[$3]>1 {$3=$3"_"snp[$3]} {print}' | gzip > /mnt/archive/HARVEST/genotypes-base/imputed/merged/unique_rsids/2-merged-unique-rsids.vcf.gz ' returned non-zero exit status -2
  File "/mnt/archive/HARVEST/genotypes-base-src/snakefiles/generate-base.snake", line 35, in __rule_generate_unique_rsids
  File "/usr/lib/python3.5/concurrent/futures/thread.py", line 55, in run
Cancelling snakemake on user request.
