Building DAG of jobs...
Using shell: /bin/bash
Provided cores: 1
Rules claiming more threads will be scaled down.
Job counts:
	count	jobs
	22	merge_imputed
	22

rule merge_imputed:
    input: /mnt/archive/HARVEST/delivery-fhi/data/imputed/imputed_m12/2.vcf.gz, /mnt/archive/HARVEST/delivery-fhi/data/imputed/imputed_m24/2.vcf.gz
    output: /mnt/archive/HARVEST/genotypes-base/imputed/merged/2-merged.vcf.gz
    jobid: 11
    wildcards: chr=2



        /mnt/archive/HARVEST/software/bcftools merge --info-rules INFO:avg -o /mnt/archive/HARVEST/genotypes-base/imputed/merged/2-merged.vcf.gz -Oz /mnt/archive/HARVEST/delivery-fhi/data/imputed/imputed_m12/2.vcf.gz /mnt/archive/HARVEST/delivery-fhi/data/imputed/imputed_m24/2.vcf.gz
        
Error in rule merge_imputed:
    jobid: 11
    output: /mnt/archive/HARVEST/genotypes-base/imputed/merged/2-merged.vcf.gz

RuleException:
CalledProcessError in line 34 of /mnt/archive/HARVEST/genotypes-base-src/snakefiles/generate-base.snake:
Command ' set -euo pipefail;  

        /mnt/archive/HARVEST/software/bcftools merge --info-rules INFO:avg -o /mnt/archive/HARVEST/genotypes-base/imputed/merged/2-merged.vcf.gz -Oz /mnt/archive/HARVEST/delivery-fhi/data/imputed/imputed_m12/2.vcf.gz /mnt/archive/HARVEST/delivery-fhi/data/imputed/imputed_m24/2.vcf.gz ' returned non-zero exit status 1
  File "/mnt/archive/HARVEST/genotypes-base-src/snakefiles/generate-base.snake", line 34, in __rule_merge_imputed
  File "/usr/lib/python3.5/concurrent/futures/thread.py", line 55, in run
Shutting down, this might take some time.
Exiting because a job execution failed. Look above for error message
Complete log: /mnt/archive/HARVEST/genotypes-base-src/snakefiles/.snakemake/log/2018-03-22T123356.580742.snakemake.log
