Building DAG of jobs...
Using shell: /bin/bash
Provided cores: 1
Rules claiming more threads will be scaled down.
Job counts:
	count	jobs
	22	merge_imputed
	22

rule merge_imputed:
    input: /mnt/archive/HARVEST/delivery-fhi/data/imputed/imputed_m12/2.vcf.gz, /mnt/archive/HARVEST/delivery-fhi/data/imputed/imputed_m24/2.vcf.gz
    output: /mnt/archive/HARVEST/genotypes-base/imputed/merged/2-merged.vcf.gz
    jobid: 7
    wildcards: chr=2



        /mnt/archive/HARVEST/genotypes-base-src/software/bcftools-1.7/bcftools merge --info-rules INFO:avg -o /mnt/archive/HARVEST/genotypes-base/imputed/merged/2-merged.vcf.gz -Oz /mnt/archive/HARVEST/delivery-fhi/data/imputed/imputed_m12/2.vcf.gz /mnt/archive/HARVEST/delivery-fhi/data/imputed/imputed_m24/2.vcf.gz
        
Terminating processes on user request, this might take some time.
Error in rule merge_imputed:
    jobid: 7
    output: /mnt/archive/HARVEST/genotypes-base/imputed/merged/2-merged.vcf.gz

RuleException:
CalledProcessError in line 35 of /mnt/archive/HARVEST/genotypes-base-src/snakefiles/generate-base.snake:
Command ' set -euo pipefail;  

        /mnt/archive/HARVEST/genotypes-base-src/software/bcftools-1.7/bcftools merge --info-rules INFO:avg -o /mnt/archive/HARVEST/genotypes-base/imputed/merged/2-merged.vcf.gz -Oz /mnt/archive/HARVEST/delivery-fhi/data/imputed/imputed_m12/2.vcf.gz /mnt/archive/HARVEST/delivery-fhi/data/imputed/imputed_m24/2.vcf.gz ' returned non-zero exit status -2
  File "/mnt/archive/HARVEST/genotypes-base-src/snakefiles/generate-base.snake", line 35, in __rule_merge_imputed
  File "/usr/lib/python3.5/concurrent/futures/thread.py", line 55, in run
Removing output files of failed job merge_imputed since they might be corrupted:
/mnt/archive/HARVEST/genotypes-base/imputed/merged/2-merged.vcf.gz
Complete log: /mnt/archive/HARVEST/genotypes-base-src/snakefiles/.snakemake/log/2018-03-22T124853.270620.snakemake.log
