Building DAG of jobs...
Using shell: /bin/bash
Provided cores: 1
Rules claiming more threads will be scaled down.
Job counts:
	count	jobs
	1	all
	22	extract_common
	22	generate_unique_rsids
	45

rule generate_unique_rsids:
    input: /mnt/archive/HARVEST/genotypes-base/imputed/merged/2-merged.vcf.gz
    output: /mnt/archive/HARVEST/genotypes-base/imputed/merged/unique_rsids/2-merged-unique-rsids.vcf.gz
    jobid: 52
    wildcards: chr=2


        zcat /mnt/archive/HARVEST/genotypes-base/imputed/merged/2-merged.vcf.gz | awk -v OFS='	' '$0~/^#/{print; next} {snp[$3]++} $3=="."{$3=$1":"$2"_"$4"/"$5} snp[$3]>1 {$3=$3"_"snp[$3]} {print}' | gzip > /mnt/archive/HARVEST/genotypes-base/imputed/merged/unique_rsids/2-merged-unique-rsids.vcf.gz
        
Finished job 52.
1 of 45 steps (2%) done

rule generate_unique_rsids:
    input: /mnt/archive/HARVEST/genotypes-base/imputed/merged/1-merged.vcf.gz
    output: /mnt/archive/HARVEST/genotypes-base/imputed/merged/unique_rsids/1-merged-unique-rsids.vcf.gz
    jobid: 24
    wildcards: chr=1


        zcat /mnt/archive/HARVEST/genotypes-base/imputed/merged/1-merged.vcf.gz | awk -v OFS='	' '$0~/^#/{print; next} {snp[$3]++} $3=="."{$3=$1":"$2"_"$4"/"$5} snp[$3]>1 {$3=$3"_"snp[$3]} {print}' | gzip > /mnt/archive/HARVEST/genotypes-base/imputed/merged/unique_rsids/1-merged-unique-rsids.vcf.gz
        
Terminating processes on user request, this might take some time.
Error in rule generate_unique_rsids:
    jobid: 24
    output: /mnt/archive/HARVEST/genotypes-base/imputed/merged/unique_rsids/1-merged-unique-rsids.vcf.gz

RuleException:
CalledProcessError in line 35 of /mnt/archive/HARVEST/genotypes-base-src/snakefiles/generate-base.snake:
Command ' set -euo pipefail;  
        zcat /mnt/archive/HARVEST/genotypes-base/imputed/merged/1-merged.vcf.gz | awk -v OFS='	' '$0~/^#/{print; next} {snp[$3]++} $3=="."{$3=$1":"$2"_"$4"/"$5} snp[$3]>1 {$3=$3"_"snp[$3]} {print}' | gzip > /mnt/archive/HARVEST/genotypes-base/imputed/merged/unique_rsids/1-merged-unique-rsids.vcf.gz ' returned non-zero exit status -2
  File "/mnt/archive/HARVEST/genotypes-base-src/snakefiles/generate-base.snake", line 35, in __rule_generate_unique_rsids
  File "/usr/lib/python3.5/concurrent/futures/thread.py", line 55, in run
Removing output files of failed job generate_unique_rsids since they might be corrupted:
/mnt/archive/HARVEST/genotypes-base/imputed/merged/unique_rsids/1-merged-unique-rsids.vcf.gz
Cancelling snakemake on user request.
