Building DAG of jobs...
File path /mnt/archive/HARVEST/genotypes-base//imputed/merged/1-merged.vcf.gz contains double '/'. This is likely unintended. It can also lead to inconsistent results of the file-matching approach used by Snakemake.
File path /mnt/archive/HARVEST/genotypes-base//imputed/merged/2-merged.vcf.gz contains double '/'. This is likely unintended. It can also lead to inconsistent results of the file-matching approach used by Snakemake.
File path /mnt/archive/HARVEST/genotypes-base//imputed/merged/3-merged.vcf.gz contains double '/'. This is likely unintended. It can also lead to inconsistent results of the file-matching approach used by Snakemake.
File path /mnt/archive/HARVEST/genotypes-base//imputed/merged/4-merged.vcf.gz contains double '/'. This is likely unintended. It can also lead to inconsistent results of the file-matching approach used by Snakemake.
File path /mnt/archive/HARVEST/genotypes-base//imputed/merged/5-merged.vcf.gz contains double '/'. This is likely unintended. It can also lead to inconsistent results of the file-matching approach used by Snakemake.
File path /mnt/archive/HARVEST/genotypes-base//imputed/merged/6-merged.vcf.gz contains double '/'. This is likely unintended. It can also lead to inconsistent results of the file-matching approach used by Snakemake.
File path /mnt/archive/HARVEST/genotypes-base//imputed/merged/7-merged.vcf.gz contains double '/'. This is likely unintended. It can also lead to inconsistent results of the file-matching approach used by Snakemake.
File path /mnt/archive/HARVEST/genotypes-base//imputed/merged/8-merged.vcf.gz contains double '/'. This is likely unintended. It can also lead to inconsistent results of the file-matching approach used by Snakemake.
File path /mnt/archive/HARVEST/genotypes-base//imputed/merged/9-merged.vcf.gz contains double '/'. This is likely unintended. It can also lead to inconsistent results of the file-matching approach used by Snakemake.
File path /mnt/archive/HARVEST/genotypes-base//imputed/merged/10-merged.vcf.gz contains double '/'. This is likely unintended. It can also lead to inconsistent results of the file-matching approach used by Snakemake.
File path /mnt/archive/HARVEST/genotypes-base//imputed/merged/11-merged.vcf.gz contains double '/'. This is likely unintended. It can also lead to inconsistent results of the file-matching approach used by Snakemake.
File path /mnt/archive/HARVEST/genotypes-base//imputed/merged/12-merged.vcf.gz contains double '/'. This is likely unintended. It can also lead to inconsistent results of the file-matching approach used by Snakemake.
File path /mnt/archive/HARVEST/genotypes-base//imputed/merged/13-merged.vcf.gz contains double '/'. This is likely unintended. It can also lead to inconsistent results of the file-matching approach used by Snakemake.
File path /mnt/archive/HARVEST/genotypes-base//imputed/merged/14-merged.vcf.gz contains double '/'. This is likely unintended. It can also lead to inconsistent results of the file-matching approach used by Snakemake.
File path /mnt/archive/HARVEST/genotypes-base//imputed/merged/15-merged.vcf.gz contains double '/'. This is likely unintended. It can also lead to inconsistent results of the file-matching approach used by Snakemake.
File path /mnt/archive/HARVEST/genotypes-base//imputed/merged/16-merged.vcf.gz contains double '/'. This is likely unintended. It can also lead to inconsistent results of the file-matching approach used by Snakemake.
File path /mnt/archive/HARVEST/genotypes-base//imputed/merged/17-merged.vcf.gz contains double '/'. This is likely unintended. It can also lead to inconsistent results of the file-matching approach used by Snakemake.
File path /mnt/archive/HARVEST/genotypes-base//imputed/merged/18-merged.vcf.gz contains double '/'. This is likely unintended. It can also lead to inconsistent results of the file-matching approach used by Snakemake.
File path /mnt/archive/HARVEST/genotypes-base//imputed/merged/19-merged.vcf.gz contains double '/'. This is likely unintended. It can also lead to inconsistent results of the file-matching approach used by Snakemake.
File path /mnt/archive/HARVEST/genotypes-base//imputed/merged/20-merged.vcf.gz contains double '/'. This is likely unintended. It can also lead to inconsistent results of the file-matching approach used by Snakemake.
File path /mnt/archive/HARVEST/genotypes-base//imputed/merged/21-merged.vcf.gz contains double '/'. This is likely unintended. It can also lead to inconsistent results of the file-matching approach used by Snakemake.
File path /mnt/archive/HARVEST/genotypes-base//imputed/merged/22-merged.vcf.gz contains double '/'. This is likely unintended. It can also lead to inconsistent results of the file-matching approach used by Snakemake.
File path /mnt/archive/HARVEST/genotypes-base//imputed/merged/unique_rsids/1-merged-unique-rsids.vcf.gz contains double '/'. This is likely unintended. It can also lead to inconsistent results of the file-matching approach used by Snakemake.
File path /mnt/archive/HARVEST/genotypes-base//imputed/merged/unique_rsids/2-merged-unique-rsids.vcf.gz contains double '/'. This is likely unintended. It can also lead to inconsistent results of the file-matching approach used by Snakemake.
File path /mnt/archive/HARVEST/genotypes-base//imputed/merged/unique_rsids/3-merged-unique-rsids.vcf.gz contains double '/'. This is likely unintended. It can also lead to inconsistent results of the file-matching approach used by Snakemake.
File path /mnt/archive/HARVEST/genotypes-base//imputed/merged/unique_rsids/4-merged-unique-rsids.vcf.gz contains double '/'. This is likely unintended. It can also lead to inconsistent results of the file-matching approach used by Snakemake.
File path /mnt/archive/HARVEST/genotypes-base//imputed/merged/unique_rsids/5-merged-unique-rsids.vcf.gz contains double '/'. This is likely unintended. It can also lead to inconsistent results of the file-matching approach used by Snakemake.
File path /mnt/archive/HARVEST/genotypes-base//imputed/merged/unique_rsids/6-merged-unique-rsids.vcf.gz contains double '/'. This is likely unintended. It can also lead to inconsistent results of the file-matching approach used by Snakemake.
File path /mnt/archive/HARVEST/genotypes-base//imputed/merged/unique_rsids/7-merged-unique-rsids.vcf.gz contains double '/'. This is likely unintended. It can also lead to inconsistent results of the file-matching approach used by Snakemake.
File path /mnt/archive/HARVEST/genotypes-base//imputed/merged/unique_rsids/8-merged-unique-rsids.vcf.gz contains double '/'. This is likely unintended. It can also lead to inconsistent results of the file-matching approach used by Snakemake.
File path /mnt/archive/HARVEST/genotypes-base//imputed/merged/unique_rsids/9-merged-unique-rsids.vcf.gz contains double '/'. This is likely unintended. It can also lead to inconsistent results of the file-matching approach used by Snakemake.
File path /mnt/archive/HARVEST/genotypes-base//imputed/merged/unique_rsids/10-merged-unique-rsids.vcf.gz contains double '/'. This is likely unintended. It can also lead to inconsistent results of the file-matching approach used by Snakemake.
File path /mnt/archive/HARVEST/genotypes-base//imputed/merged/unique_rsids/11-merged-unique-rsids.vcf.gz contains double '/'. This is likely unintended. It can also lead to inconsistent results of the file-matching approach used by Snakemake.
File path /mnt/archive/HARVEST/genotypes-base//imputed/merged/unique_rsids/12-merged-unique-rsids.vcf.gz contains double '/'. This is likely unintended. It can also lead to inconsistent results of the file-matching approach used by Snakemake.
File path /mnt/archive/HARVEST/genotypes-base//imputed/merged/unique_rsids/13-merged-unique-rsids.vcf.gz contains double '/'. This is likely unintended. It can also lead to inconsistent results of the file-matching approach used by Snakemake.
File path /mnt/archive/HARVEST/genotypes-base//imputed/merged/unique_rsids/14-merged-unique-rsids.vcf.gz contains double '/'. This is likely unintended. It can also lead to inconsistent results of the file-matching approach used by Snakemake.
File path /mnt/archive/HARVEST/genotypes-base//imputed/merged/unique_rsids/15-merged-unique-rsids.vcf.gz contains double '/'. This is likely unintended. It can also lead to inconsistent results of the file-matching approach used by Snakemake.
File path /mnt/archive/HARVEST/genotypes-base//imputed/merged/unique_rsids/16-merged-unique-rsids.vcf.gz contains double '/'. This is likely unintended. It can also lead to inconsistent results of the file-matching approach used by Snakemake.
File path /mnt/archive/HARVEST/genotypes-base//imputed/merged/unique_rsids/17-merged-unique-rsids.vcf.gz contains double '/'. This is likely unintended. It can also lead to inconsistent results of the file-matching approach used by Snakemake.
File path /mnt/archive/HARVEST/genotypes-base//imputed/merged/unique_rsids/18-merged-unique-rsids.vcf.gz contains double '/'. This is likely unintended. It can also lead to inconsistent results of the file-matching approach used by Snakemake.
File path /mnt/archive/HARVEST/genotypes-base//imputed/merged/unique_rsids/19-merged-unique-rsids.vcf.gz contains double '/'. This is likely unintended. It can also lead to inconsistent results of the file-matching approach used by Snakemake.
File path /mnt/archive/HARVEST/genotypes-base//imputed/merged/unique_rsids/20-merged-unique-rsids.vcf.gz contains double '/'. This is likely unintended. It can also lead to inconsistent results of the file-matching approach used by Snakemake.
File path /mnt/archive/HARVEST/genotypes-base//imputed/merged/unique_rsids/21-merged-unique-rsids.vcf.gz contains double '/'. This is likely unintended. It can also lead to inconsistent results of the file-matching approach used by Snakemake.
File path /mnt/archive/HARVEST/genotypes-base//imputed/merged/unique_rsids/22-merged-unique-rsids.vcf.gz contains double '/'. This is likely unintended. It can also lead to inconsistent results of the file-matching approach used by Snakemake.
File path /mnt/archive/HARVEST/genotypes-base//imputed/merged/unique_rsids/common/1-merged-unique-rsids-common.vcf.gz contains double '/'. This is likely unintended. It can also lead to inconsistent results of the file-matching approach used by Snakemake.
File path /mnt/archive/HARVEST/genotypes-base//imputed/merged/unique_rsids/common/2-merged-unique-rsids-common.vcf.gz contains double '/'. This is likely unintended. It can also lead to inconsistent results of the file-matching approach used by Snakemake.
File path /mnt/archive/HARVEST/genotypes-base//imputed/merged/unique_rsids/common/3-merged-unique-rsids-common.vcf.gz contains double '/'. This is likely unintended. It can also lead to inconsistent results of the file-matching approach used by Snakemake.
File path /mnt/archive/HARVEST/genotypes-base//imputed/merged/unique_rsids/common/4-merged-unique-rsids-common.vcf.gz contains double '/'. This is likely unintended. It can also lead to inconsistent results of the file-matching approach used by Snakemake.
File path /mnt/archive/HARVEST/genotypes-base//imputed/merged/unique_rsids/common/5-merged-unique-rsids-common.vcf.gz contains double '/'. This is likely unintended. It can also lead to inconsistent results of the file-matching approach used by Snakemake.
File path /mnt/archive/HARVEST/genotypes-base//imputed/merged/unique_rsids/common/6-merged-unique-rsids-common.vcf.gz contains double '/'. This is likely unintended. It can also lead to inconsistent results of the file-matching approach used by Snakemake.
File path /mnt/archive/HARVEST/genotypes-base//imputed/merged/unique_rsids/common/7-merged-unique-rsids-common.vcf.gz contains double '/'. This is likely unintended. It can also lead to inconsistent results of the file-matching approach used by Snakemake.
File path /mnt/archive/HARVEST/genotypes-base//imputed/merged/unique_rsids/common/8-merged-unique-rsids-common.vcf.gz contains double '/'. This is likely unintended. It can also lead to inconsistent results of the file-matching approach used by Snakemake.
File path /mnt/archive/HARVEST/genotypes-base//imputed/merged/unique_rsids/common/9-merged-unique-rsids-common.vcf.gz contains double '/'. This is likely unintended. It can also lead to inconsistent results of the file-matching approach used by Snakemake.
File path /mnt/archive/HARVEST/genotypes-base//imputed/merged/unique_rsids/common/10-merged-unique-rsids-common.vcf.gz contains double '/'. This is likely unintended. It can also lead to inconsistent results of the file-matching approach used by Snakemake.
File path /mnt/archive/HARVEST/genotypes-base//imputed/merged/unique_rsids/common/11-merged-unique-rsids-common.vcf.gz contains double '/'. This is likely unintended. It can also lead to inconsistent results of the file-matching approach used by Snakemake.
File path /mnt/archive/HARVEST/genotypes-base//imputed/merged/unique_rsids/common/12-merged-unique-rsids-common.vcf.gz contains double '/'. This is likely unintended. It can also lead to inconsistent results of the file-matching approach used by Snakemake.
File path /mnt/archive/HARVEST/genotypes-base//imputed/merged/unique_rsids/common/13-merged-unique-rsids-common.vcf.gz contains double '/'. This is likely unintended. It can also lead to inconsistent results of the file-matching approach used by Snakemake.
File path /mnt/archive/HARVEST/genotypes-base//imputed/merged/unique_rsids/common/14-merged-unique-rsids-common.vcf.gz contains double '/'. This is likely unintended. It can also lead to inconsistent results of the file-matching approach used by Snakemake.
File path /mnt/archive/HARVEST/genotypes-base//imputed/merged/unique_rsids/common/15-merged-unique-rsids-common.vcf.gz contains double '/'. This is likely unintended. It can also lead to inconsistent results of the file-matching approach used by Snakemake.
File path /mnt/archive/HARVEST/genotypes-base//imputed/merged/unique_rsids/common/16-merged-unique-rsids-common.vcf.gz contains double '/'. This is likely unintended. It can also lead to inconsistent results of the file-matching approach used by Snakemake.
File path /mnt/archive/HARVEST/genotypes-base//imputed/merged/unique_rsids/common/17-merged-unique-rsids-common.vcf.gz contains double '/'. This is likely unintended. It can also lead to inconsistent results of the file-matching approach used by Snakemake.
File path /mnt/archive/HARVEST/genotypes-base//imputed/merged/unique_rsids/common/18-merged-unique-rsids-common.vcf.gz contains double '/'. This is likely unintended. It can also lead to inconsistent results of the file-matching approach used by Snakemake.
File path /mnt/archive/HARVEST/genotypes-base//imputed/merged/unique_rsids/common/19-merged-unique-rsids-common.vcf.gz contains double '/'. This is likely unintended. It can also lead to inconsistent results of the file-matching approach used by Snakemake.
File path /mnt/archive/HARVEST/genotypes-base//imputed/merged/unique_rsids/common/20-merged-unique-rsids-common.vcf.gz contains double '/'. This is likely unintended. It can also lead to inconsistent results of the file-matching approach used by Snakemake.
File path /mnt/archive/HARVEST/genotypes-base//imputed/merged/unique_rsids/common/21-merged-unique-rsids-common.vcf.gz contains double '/'. This is likely unintended. It can also lead to inconsistent results of the file-matching approach used by Snakemake.
File path /mnt/archive/HARVEST/genotypes-base//imputed/merged/unique_rsids/common/22-merged-unique-rsids-common.vcf.gz contains double '/'. This is likely unintended. It can also lead to inconsistent results of the file-matching approach used by Snakemake.
File path /mnt/archive/HARVEST/genotypes-base//imputed/merged/unique_rsids/22-merged-unique-rsids.vcf.gz contains double '/'. This is likely unintended. It can also lead to inconsistent results of the file-matching approach used by Snakemake.
File path /mnt/archive/HARVEST/genotypes-base//imputed/merged/unique_rsids/common/22-merged-unique-rsids-common.vcf.gz contains double '/'. This is likely unintended. It can also lead to inconsistent results of the file-matching approach used by Snakemake.
File path /mnt/archive/HARVEST/genotypes-base//imputed/merged/unique_rsids/17-merged-unique-rsids.vcf.gz contains double '/'. This is likely unintended. It can also lead to inconsistent results of the file-matching approach used by Snakemake.
File path /mnt/archive/HARVEST/genotypes-base//imputed/merged/unique_rsids/common/17-merged-unique-rsids-common.vcf.gz contains double '/'. This is likely unintended. It can also lead to inconsistent results of the file-matching approach used by Snakemake.
File path /mnt/archive/HARVEST/genotypes-base//imputed/merged/13-merged.vcf.gz contains double '/'. This is likely unintended. It can also lead to inconsistent results of the file-matching approach used by Snakemake.
File path /mnt/archive/HARVEST/genotypes-base//imputed/merged/22-merged.vcf.gz contains double '/'. This is likely unintended. It can also lead to inconsistent results of the file-matching approach used by Snakemake.
File path /mnt/archive/HARVEST/genotypes-base//imputed/merged/20-merged.vcf.gz contains double '/'. This is likely unintended. It can also lead to inconsistent results of the file-matching approach used by Snakemake.
File path /mnt/archive/HARVEST/genotypes-base//imputed/merged/unique_rsids/20-merged-unique-rsids.vcf.gz contains double '/'. This is likely unintended. It can also lead to inconsistent results of the file-matching approach used by Snakemake.
File path /mnt/archive/HARVEST/genotypes-base//imputed/merged/unique_rsids/2-merged-unique-rsids.vcf.gz contains double '/'. This is likely unintended. It can also lead to inconsistent results of the file-matching approach used by Snakemake.
File path /mnt/archive/HARVEST/genotypes-base//imputed/merged/unique_rsids/common/2-merged-unique-rsids-common.vcf.gz contains double '/'. This is likely unintended. It can also lead to inconsistent results of the file-matching approach used by Snakemake.
File path /mnt/archive/HARVEST/genotypes-base//imputed/merged/unique_rsids/3-merged-unique-rsids.vcf.gz contains double '/'. This is likely unintended. It can also lead to inconsistent results of the file-matching approach used by Snakemake.
File path /mnt/archive/HARVEST/genotypes-base//imputed/merged/unique_rsids/common/3-merged-unique-rsids-common.vcf.gz contains double '/'. This is likely unintended. It can also lead to inconsistent results of the file-matching approach used by Snakemake.
File path /mnt/archive/HARVEST/genotypes-base//imputed/merged/2-merged.vcf.gz contains double '/'. This is likely unintended. It can also lead to inconsistent results of the file-matching approach used by Snakemake.
File path /mnt/archive/HARVEST/genotypes-base//imputed/merged/unique_rsids/19-merged-unique-rsids.vcf.gz contains double '/'. This is likely unintended. It can also lead to inconsistent results of the file-matching approach used by Snakemake.
File path /mnt/archive/HARVEST/genotypes-base//imputed/merged/unique_rsids/common/19-merged-unique-rsids-common.vcf.gz contains double '/'. This is likely unintended. It can also lead to inconsistent results of the file-matching approach used by Snakemake.
File path /mnt/archive/HARVEST/genotypes-base//imputed/merged/unique_rsids/7-merged-unique-rsids.vcf.gz contains double '/'. This is likely unintended. It can also lead to inconsistent results of the file-matching approach used by Snakemake.
File path /mnt/archive/HARVEST/genotypes-base//imputed/merged/unique_rsids/common/7-merged-unique-rsids-common.vcf.gz contains double '/'. This is likely unintended. It can also lead to inconsistent results of the file-matching approach used by Snakemake.
File path /mnt/archive/HARVEST/genotypes-base//imputed/merged/10-merged.vcf.gz contains double '/'. This is likely unintended. It can also lead to inconsistent results of the file-matching approach used by Snakemake.
File path /mnt/archive/HARVEST/genotypes-base//imputed/merged/1-merged.vcf.gz contains double '/'. This is likely unintended. It can also lead to inconsistent results of the file-matching approach used by Snakemake.
File path /mnt/archive/HARVEST/genotypes-base//imputed/merged/unique_rsids/1-merged-unique-rsids.vcf.gz contains double '/'. This is likely unintended. It can also lead to inconsistent results of the file-matching approach used by Snakemake.
File path /mnt/archive/HARVEST/genotypes-base//imputed/merged/21-merged.vcf.gz contains double '/'. This is likely unintended. It can also lead to inconsistent results of the file-matching approach used by Snakemake.
File path /mnt/archive/HARVEST/genotypes-base//imputed/merged/unique_rsids/21-merged-unique-rsids.vcf.gz contains double '/'. This is likely unintended. It can also lead to inconsistent results of the file-matching approach used by Snakemake.
File path /mnt/archive/HARVEST/genotypes-base//imputed/merged/unique_rsids/4-merged-unique-rsids.vcf.gz contains double '/'. This is likely unintended. It can also lead to inconsistent results of the file-matching approach used by Snakemake.
File path /mnt/archive/HARVEST/genotypes-base//imputed/merged/unique_rsids/common/4-merged-unique-rsids-common.vcf.gz contains double '/'. This is likely unintended. It can also lead to inconsistent results of the file-matching approach used by Snakemake.
File path /mnt/archive/HARVEST/genotypes-base//imputed/merged/10-merged.vcf.gz contains double '/'. This is likely unintended. It can also lead to inconsistent results of the file-matching approach used by Snakemake.
File path /mnt/archive/HARVEST/genotypes-base//imputed/merged/unique_rsids/10-merged-unique-rsids.vcf.gz contains double '/'. This is likely unintended. It can also lead to inconsistent results of the file-matching approach used by Snakemake.
File path /mnt/archive/HARVEST/genotypes-base//imputed/merged/unique_rsids/18-merged-unique-rsids.vcf.gz contains double '/'. This is likely unintended. It can also lead to inconsistent results of the file-matching approach used by Snakemake.
File path /mnt/archive/HARVEST/genotypes-base//imputed/merged/unique_rsids/common/18-merged-unique-rsids-common.vcf.gz contains double '/'. This is likely unintended. It can also lead to inconsistent results of the file-matching approach used by Snakemake.
File path /mnt/archive/HARVEST/genotypes-base//imputed/merged/7-merged.vcf.gz contains double '/'. This is likely unintended. It can also lead to inconsistent results of the file-matching approach used by Snakemake.
File path /mnt/archive/HARVEST/genotypes-base//imputed/merged/3-merged.vcf.gz contains double '/'. This is likely unintended. It can also lead to inconsistent results of the file-matching approach used by Snakemake.
File path /mnt/archive/HARVEST/genotypes-base//imputed/merged/unique_rsids/3-merged-unique-rsids.vcf.gz contains double '/'. This is likely unintended. It can also lead to inconsistent results of the file-matching approach used by Snakemake.
File path /mnt/archive/HARVEST/genotypes-base//imputed/merged/9-merged.vcf.gz contains double '/'. This is likely unintended. It can also lead to inconsistent results of the file-matching approach used by Snakemake.
File path /mnt/archive/HARVEST/genotypes-base//imputed/merged/unique_rsids/9-merged-unique-rsids.vcf.gz contains double '/'. This is likely unintended. It can also lead to inconsistent results of the file-matching approach used by Snakemake.
File path /mnt/archive/HARVEST/genotypes-base//imputed/merged/4-merged.vcf.gz contains double '/'. This is likely unintended. It can also lead to inconsistent results of the file-matching approach used by Snakemake.
File path /mnt/archive/HARVEST/genotypes-base//imputed/merged/9-merged.vcf.gz contains double '/'. This is likely unintended. It can also lead to inconsistent results of the file-matching approach used by Snakemake.
File path /mnt/archive/HARVEST/genotypes-base//imputed/merged/15-merged.vcf.gz contains double '/'. This is likely unintended. It can also lead to inconsistent results of the file-matching approach used by Snakemake.
File path /mnt/archive/HARVEST/genotypes-base//imputed/merged/15-merged.vcf.gz contains double '/'. This is likely unintended. It can also lead to inconsistent results of the file-matching approach used by Snakemake.
File path /mnt/archive/HARVEST/genotypes-base//imputed/merged/unique_rsids/15-merged-unique-rsids.vcf.gz contains double '/'. This is likely unintended. It can also lead to inconsistent results of the file-matching approach used by Snakemake.
File path /mnt/archive/HARVEST/genotypes-base//imputed/merged/21-merged.vcf.gz contains double '/'. This is likely unintended. It can also lead to inconsistent results of the file-matching approach used by Snakemake.
File path /mnt/archive/HARVEST/genotypes-base//imputed/merged/11-merged.vcf.gz contains double '/'. This is likely unintended. It can also lead to inconsistent results of the file-matching approach used by Snakemake.
File path /mnt/archive/HARVEST/genotypes-base//imputed/merged/12-merged.vcf.gz contains double '/'. This is likely unintended. It can also lead to inconsistent results of the file-matching approach used by Snakemake.
File path /mnt/archive/HARVEST/genotypes-base//imputed/merged/20-merged.vcf.gz contains double '/'. This is likely unintended. It can also lead to inconsistent results of the file-matching approach used by Snakemake.
File path /mnt/archive/HARVEST/genotypes-base//imputed/merged/unique_rsids/16-merged-unique-rsids.vcf.gz contains double '/'. This is likely unintended. It can also lead to inconsistent results of the file-matching approach used by Snakemake.
File path /mnt/archive/HARVEST/genotypes-base//imputed/merged/unique_rsids/common/16-merged-unique-rsids-common.vcf.gz contains double '/'. This is likely unintended. It can also lead to inconsistent results of the file-matching approach used by Snakemake.
File path /mnt/archive/HARVEST/genotypes-base//imputed/merged/17-merged.vcf.gz contains double '/'. This is likely unintended. It can also lead to inconsistent results of the file-matching approach used by Snakemake.
File path /mnt/archive/HARVEST/genotypes-base//imputed/merged/unique_rsids/17-merged-unique-rsids.vcf.gz contains double '/'. This is likely unintended. It can also lead to inconsistent results of the file-matching approach used by Snakemake.
File path /mnt/archive/HARVEST/genotypes-base//imputed/merged/5-merged.vcf.gz contains double '/'. This is likely unintended. It can also lead to inconsistent results of the file-matching approach used by Snakemake.
File path /mnt/archive/HARVEST/genotypes-base//imputed/merged/unique_rsids/5-merged-unique-rsids.vcf.gz contains double '/'. This is likely unintended. It can also lead to inconsistent results of the file-matching approach used by Snakemake.
File path /mnt/archive/HARVEST/genotypes-base//imputed/merged/7-merged.vcf.gz contains double '/'. This is likely unintended. It can also lead to inconsistent results of the file-matching approach used by Snakemake.
File path /mnt/archive/HARVEST/genotypes-base//imputed/merged/unique_rsids/7-merged-unique-rsids.vcf.gz contains double '/'. This is likely unintended. It can also lead to inconsistent results of the file-matching approach used by Snakemake.
File path /mnt/archive/HARVEST/genotypes-base//imputed/merged/14-merged.vcf.gz contains double '/'. This is likely unintended. It can also lead to inconsistent results of the file-matching approach used by Snakemake.
File path /mnt/archive/HARVEST/genotypes-base//imputed/merged/unique_rsids/14-merged-unique-rsids.vcf.gz contains double '/'. This is likely unintended. It can also lead to inconsistent results of the file-matching approach used by Snakemake.
File path /mnt/archive/HARVEST/genotypes-base//imputed/merged/unique_rsids/8-merged-unique-rsids.vcf.gz contains double '/'. This is likely unintended. It can also lead to inconsistent results of the file-matching approach used by Snakemake.
File path /mnt/archive/HARVEST/genotypes-base//imputed/merged/unique_rsids/common/8-merged-unique-rsids-common.vcf.gz contains double '/'. This is likely unintended. It can also lead to inconsistent results of the file-matching approach used by Snakemake.
File path /mnt/archive/HARVEST/genotypes-base//imputed/merged/4-merged.vcf.gz contains double '/'. This is likely unintended. It can also lead to inconsistent results of the file-matching approach used by Snakemake.
File path /mnt/archive/HARVEST/genotypes-base//imputed/merged/unique_rsids/4-merged-unique-rsids.vcf.gz contains double '/'. This is likely unintended. It can also lead to inconsistent results of the file-matching approach used by Snakemake.
File path /mnt/archive/HARVEST/genotypes-base//imputed/merged/12-merged.vcf.gz contains double '/'. This is likely unintended. It can also lead to inconsistent results of the file-matching approach used by Snakemake.
File path /mnt/archive/HARVEST/genotypes-base//imputed/merged/unique_rsids/12-merged-unique-rsids.vcf.gz contains double '/'. This is likely unintended. It can also lead to inconsistent results of the file-matching approach used by Snakemake.
File path /mnt/archive/HARVEST/genotypes-base//imputed/merged/18-merged.vcf.gz contains double '/'. This is likely unintended. It can also lead to inconsistent results of the file-matching approach used by Snakemake.
File path /mnt/archive/HARVEST/genotypes-base//imputed/merged/unique_rsids/18-merged-unique-rsids.vcf.gz contains double '/'. This is likely unintended. It can also lead to inconsistent results of the file-matching approach used by Snakemake.
File path /mnt/archive/HARVEST/genotypes-base//imputed/merged/16-merged.vcf.gz contains double '/'. This is likely unintended. It can also lead to inconsistent results of the file-matching approach used by Snakemake.
File path /mnt/archive/HARVEST/genotypes-base//imputed/merged/unique_rsids/6-merged-unique-rsids.vcf.gz contains double '/'. This is likely unintended. It can also lead to inconsistent results of the file-matching approach used by Snakemake.
File path /mnt/archive/HARVEST/genotypes-base//imputed/merged/unique_rsids/common/6-merged-unique-rsids-common.vcf.gz contains double '/'. This is likely unintended. It can also lead to inconsistent results of the file-matching approach used by Snakemake.
File path /mnt/archive/HARVEST/genotypes-base//imputed/merged/unique_rsids/9-merged-unique-rsids.vcf.gz contains double '/'. This is likely unintended. It can also lead to inconsistent results of the file-matching approach used by Snakemake.
File path /mnt/archive/HARVEST/genotypes-base//imputed/merged/unique_rsids/common/9-merged-unique-rsids-common.vcf.gz contains double '/'. This is likely unintended. It can also lead to inconsistent results of the file-matching approach used by Snakemake.
File path /mnt/archive/HARVEST/genotypes-base//imputed/merged/unique_rsids/10-merged-unique-rsids.vcf.gz contains double '/'. This is likely unintended. It can also lead to inconsistent results of the file-matching approach used by Snakemake.
File path /mnt/archive/HARVEST/genotypes-base//imputed/merged/unique_rsids/common/10-merged-unique-rsids-common.vcf.gz contains double '/'. This is likely unintended. It can also lead to inconsistent results of the file-matching approach used by Snakemake.
File path /mnt/archive/HARVEST/genotypes-base//imputed/merged/unique_rsids/12-merged-unique-rsids.vcf.gz contains double '/'. This is likely unintended. It can also lead to inconsistent results of the file-matching approach used by Snakemake.
File path /mnt/archive/HARVEST/genotypes-base//imputed/merged/unique_rsids/common/12-merged-unique-rsids-common.vcf.gz contains double '/'. This is likely unintended. It can also lead to inconsistent results of the file-matching approach used by Snakemake.
File path /mnt/archive/HARVEST/genotypes-base//imputed/merged/unique_rsids/15-merged-unique-rsids.vcf.gz contains double '/'. This is likely unintended. It can also lead to inconsistent results of the file-matching approach used by Snakemake.
File path /mnt/archive/HARVEST/genotypes-base//imputed/merged/unique_rsids/common/15-merged-unique-rsids-common.vcf.gz contains double '/'. This is likely unintended. It can also lead to inconsistent results of the file-matching approach used by Snakemake.
File path /mnt/archive/HARVEST/genotypes-base//imputed/merged/unique_rsids/21-merged-unique-rsids.vcf.gz contains double '/'. This is likely unintended. It can also lead to inconsistent results of the file-matching approach used by Snakemake.
File path /mnt/archive/HARVEST/genotypes-base//imputed/merged/unique_rsids/common/21-merged-unique-rsids-common.vcf.gz contains double '/'. This is likely unintended. It can also lead to inconsistent results of the file-matching approach used by Snakemake.
File path /mnt/archive/HARVEST/genotypes-base//imputed/merged/3-merged.vcf.gz contains double '/'. This is likely unintended. It can also lead to inconsistent results of the file-matching approach used by Snakemake.
File path /mnt/archive/HARVEST/genotypes-base//imputed/merged/18-merged.vcf.gz contains double '/'. This is likely unintended. It can also lead to inconsistent results of the file-matching approach used by Snakemake.
File path /mnt/archive/HARVEST/genotypes-base//imputed/merged/unique_rsids/11-merged-unique-rsids.vcf.gz contains double '/'. This is likely unintended. It can also lead to inconsistent results of the file-matching approach used by Snakemake.
File path /mnt/archive/HARVEST/genotypes-base//imputed/merged/unique_rsids/common/11-merged-unique-rsids-common.vcf.gz contains double '/'. This is likely unintended. It can also lead to inconsistent results of the file-matching approach used by Snakemake.
File path /mnt/archive/HARVEST/genotypes-base//imputed/merged/19-merged.vcf.gz contains double '/'. This is likely unintended. It can also lead to inconsistent results of the file-matching approach used by Snakemake.
File path /mnt/archive/HARVEST/genotypes-base//imputed/merged/5-merged.vcf.gz contains double '/'. This is likely unintended. It can also lead to inconsistent results of the file-matching approach used by Snakemake.
File path /mnt/archive/HARVEST/genotypes-base//imputed/merged/8-merged.vcf.gz contains double '/'. This is likely unintended. It can also lead to inconsistent results of the file-matching approach used by Snakemake.
File path /mnt/archive/HARVEST/genotypes-base//imputed/merged/unique_rsids/8-merged-unique-rsids.vcf.gz contains double '/'. This is likely unintended. It can also lead to inconsistent results of the file-matching approach used by Snakemake.
File path /mnt/archive/HARVEST/genotypes-base//imputed/merged/1-merged.vcf.gz contains double '/'. This is likely unintended. It can also lead to inconsistent results of the file-matching approach used by Snakemake.
File path /mnt/archive/HARVEST/genotypes-base//imputed/merged/unique_rsids/14-merged-unique-rsids.vcf.gz contains double '/'. This is likely unintended. It can also lead to inconsistent results of the file-matching approach used by Snakemake.
File path /mnt/archive/HARVEST/genotypes-base//imputed/merged/unique_rsids/common/14-merged-unique-rsids-common.vcf.gz contains double '/'. This is likely unintended. It can also lead to inconsistent results of the file-matching approach used by Snakemake.
File path /mnt/archive/HARVEST/genotypes-base//imputed/merged/6-merged.vcf.gz contains double '/'. This is likely unintended. It can also lead to inconsistent results of the file-matching approach used by Snakemake.
File path /mnt/archive/HARVEST/genotypes-base//imputed/merged/unique_rsids/6-merged-unique-rsids.vcf.gz contains double '/'. This is likely unintended. It can also lead to inconsistent results of the file-matching approach used by Snakemake.
File path /mnt/archive/HARVEST/genotypes-base//imputed/merged/13-merged.vcf.gz contains double '/'. This is likely unintended. It can also lead to inconsistent results of the file-matching approach used by Snakemake.
File path /mnt/archive/HARVEST/genotypes-base//imputed/merged/unique_rsids/13-merged-unique-rsids.vcf.gz contains double '/'. This is likely unintended. It can also lead to inconsistent results of the file-matching approach used by Snakemake.
File path /mnt/archive/HARVEST/genotypes-base//imputed/merged/19-merged.vcf.gz contains double '/'. This is likely unintended. It can also lead to inconsistent results of the file-matching approach used by Snakemake.
File path /mnt/archive/HARVEST/genotypes-base//imputed/merged/unique_rsids/19-merged-unique-rsids.vcf.gz contains double '/'. This is likely unintended. It can also lead to inconsistent results of the file-matching approach used by Snakemake.
File path /mnt/archive/HARVEST/genotypes-base//imputed/merged/6-merged.vcf.gz contains double '/'. This is likely unintended. It can also lead to inconsistent results of the file-matching approach used by Snakemake.
File path /mnt/archive/HARVEST/genotypes-base//imputed/merged/8-merged.vcf.gz contains double '/'. This is likely unintended. It can also lead to inconsistent results of the file-matching approach used by Snakemake.
File path /mnt/archive/HARVEST/genotypes-base//imputed/merged/17-merged.vcf.gz contains double '/'. This is likely unintended. It can also lead to inconsistent results of the file-matching approach used by Snakemake.
File path /mnt/archive/HARVEST/genotypes-base//imputed/merged/16-merged.vcf.gz contains double '/'. This is likely unintended. It can also lead to inconsistent results of the file-matching approach used by Snakemake.
File path /mnt/archive/HARVEST/genotypes-base//imputed/merged/unique_rsids/16-merged-unique-rsids.vcf.gz contains double '/'. This is likely unintended. It can also lead to inconsistent results of the file-matching approach used by Snakemake.
File path /mnt/archive/HARVEST/genotypes-base//imputed/merged/14-merged.vcf.gz contains double '/'. This is likely unintended. It can also lead to inconsistent results of the file-matching approach used by Snakemake.
File path /mnt/archive/HARVEST/genotypes-base//imputed/merged/22-merged.vcf.gz contains double '/'. This is likely unintended. It can also lead to inconsistent results of the file-matching approach used by Snakemake.
File path /mnt/archive/HARVEST/genotypes-base//imputed/merged/unique_rsids/22-merged-unique-rsids.vcf.gz contains double '/'. This is likely unintended. It can also lead to inconsistent results of the file-matching approach used by Snakemake.
File path /mnt/archive/HARVEST/genotypes-base//imputed/merged/unique_rsids/5-merged-unique-rsids.vcf.gz contains double '/'. This is likely unintended. It can also lead to inconsistent results of the file-matching approach used by Snakemake.
File path /mnt/archive/HARVEST/genotypes-base//imputed/merged/unique_rsids/common/5-merged-unique-rsids-common.vcf.gz contains double '/'. This is likely unintended. It can also lead to inconsistent results of the file-matching approach used by Snakemake.
File path /mnt/archive/HARVEST/genotypes-base//imputed/merged/unique_rsids/13-merged-unique-rsids.vcf.gz contains double '/'. This is likely unintended. It can also lead to inconsistent results of the file-matching approach used by Snakemake.
File path /mnt/archive/HARVEST/genotypes-base//imputed/merged/unique_rsids/common/13-merged-unique-rsids-common.vcf.gz contains double '/'. This is likely unintended. It can also lead to inconsistent results of the file-matching approach used by Snakemake.
File path /mnt/archive/HARVEST/genotypes-base//imputed/merged/11-merged.vcf.gz contains double '/'. This is likely unintended. It can also lead to inconsistent results of the file-matching approach used by Snakemake.
File path /mnt/archive/HARVEST/genotypes-base//imputed/merged/unique_rsids/11-merged-unique-rsids.vcf.gz contains double '/'. This is likely unintended. It can also lead to inconsistent results of the file-matching approach used by Snakemake.
File path /mnt/archive/HARVEST/genotypes-base//imputed/merged/unique_rsids/1-merged-unique-rsids.vcf.gz contains double '/'. This is likely unintended. It can also lead to inconsistent results of the file-matching approach used by Snakemake.
File path /mnt/archive/HARVEST/genotypes-base//imputed/merged/unique_rsids/common/1-merged-unique-rsids-common.vcf.gz contains double '/'. This is likely unintended. It can also lead to inconsistent results of the file-matching approach used by Snakemake.
File path /mnt/archive/HARVEST/genotypes-base//imputed/merged/unique_rsids/20-merged-unique-rsids.vcf.gz contains double '/'. This is likely unintended. It can also lead to inconsistent results of the file-matching approach used by Snakemake.
File path /mnt/archive/HARVEST/genotypes-base//imputed/merged/unique_rsids/common/20-merged-unique-rsids-common.vcf.gz contains double '/'. This is likely unintended. It can also lead to inconsistent results of the file-matching approach used by Snakemake.
File path /mnt/archive/HARVEST/genotypes-base//imputed/merged/2-merged.vcf.gz contains double '/'. This is likely unintended. It can also lead to inconsistent results of the file-matching approach used by Snakemake.
File path /mnt/archive/HARVEST/genotypes-base//imputed/merged/unique_rsids/2-merged-unique-rsids.vcf.gz contains double '/'. This is likely unintended. It can also lead to inconsistent results of the file-matching approach used by Snakemake.
MissingInputException in line 25 of /mnt/archive/HARVEST/genotypes-base-src/snakefiles/generate-base.snake:
Missing input files for rule merge_imputed:
/mnt/archive/HARVEST/delivery-fhi/data/imputed/imputed_m2422.vcf.gz
