Building DAG of jobs...
Using shell: /bin/bash
Provided cores: 40
Rules claiming more threads will be scaled down.
Job counts:
	count	jobs
	1	all
	22	extract_common
	3	generate_unique_rsids
	2	merge_imputed
	28

rule extract_common:
    input: /mnt/archive/HARVEST/genotypes-base/imputed/merged/unique_rsids/13-merged-unique-rsids.vcf.gz
    output: /mnt/archive/HARVEST/genotypes-base/imputed/merged/unique_rsids/common/13-merged-unique-rsids-common.vcf.gz
    jobid: 12
    wildcards: chr=13


        /mnt/archive/HARVEST/genotypes-base-src/software/vcftools-0.1.13/vcftools --gzvcf /mnt/archive/HARVEST/genotypes-base/imputed/merged/unique_rsids/13-merged-unique-rsids.vcf.gz --maf 0.001 --recode-INFO-all --recode --stdout | gzip -c > /mnt/archive/HARVEST/genotypes-base/imputed/merged/unique_rsids/common/13-merged-unique-rsids-common.vcf.gz
        
rule extract_common:
    input: /mnt/archive/HARVEST/genotypes-base/imputed/merged/unique_rsids/6-merged-unique-rsids.vcf.gz
    output: /mnt/archive/HARVEST/genotypes-base/imputed/merged/unique_rsids/common/6-merged-unique-rsids-common.vcf.gz
    jobid: 10
    wildcards: chr=6


        /mnt/archive/HARVEST/genotypes-base-src/software/vcftools-0.1.13/vcftools --gzvcf /mnt/archive/HARVEST/genotypes-base/imputed/merged/unique_rsids/6-merged-unique-rsids.vcf.gz --maf 0.001 --recode-INFO-all --recode --stdout | gzip -c > /mnt/archive/HARVEST/genotypes-base/imputed/merged/unique_rsids/common/6-merged-unique-rsids-common.vcf.gz
        

rule extract_common:
    input: /mnt/archive/HARVEST/genotypes-base/imputed/merged/unique_rsids/21-merged-unique-rsids.vcf.gz
    output: /mnt/archive/HARVEST/genotypes-base/imputed/merged/unique_rsids/common/21-merged-unique-rsids-common.vcf.gz
    jobid: 11
    wildcards: chr=21


        /mnt/archive/HARVEST/genotypes-base-src/software/vcftools-0.1.13/vcftools --gzvcf /mnt/archive/HARVEST/genotypes-base/imputed/merged/unique_rsids/21-merged-unique-rsids.vcf.gz --maf 0.001 --recode-INFO-all --recode --stdout | gzip -c > /mnt/archive/HARVEST/genotypes-base/imputed/merged/unique_rsids/common/21-merged-unique-rsids-common.vcf.gz
        

rule extract_common:
    input: /mnt/archive/HARVEST/genotypes-base/imputed/merged/unique_rsids/5-merged-unique-rsids.vcf.gz
    output: /mnt/archive/HARVEST/genotypes-base/imputed/merged/unique_rsids/common/5-merged-unique-rsids-common.vcf.gz
    jobid: 20
    wildcards: chr=5


        /mnt/archive/HARVEST/genotypes-base-src/software/vcftools-0.1.13/vcftools --gzvcf /mnt/archive/HARVEST/genotypes-base/imputed/merged/unique_rsids/5-merged-unique-rsids.vcf.gz --maf 0.001 --recode-INFO-all --recode --stdout | gzip -c > /mnt/archive/HARVEST/genotypes-base/imputed/merged/unique_rsids/common/5-merged-unique-rsids-common.vcf.gz
        

rule extract_common:
    input: /mnt/archive/HARVEST/genotypes-base/imputed/merged/unique_rsids/7-merged-unique-rsids.vcf.gz
    output: /mnt/archive/HARVEST/genotypes-base/imputed/merged/unique_rsids/common/7-merged-unique-rsids-common.vcf.gz
    jobid: 32
    wildcards: chr=7


        /mnt/archive/HARVEST/genotypes-base-src/software/vcftools-0.1.13/vcftools --gzvcf /mnt/archive/HARVEST/genotypes-base/imputed/merged/unique_rsids/7-merged-unique-rsids.vcf.gz --maf 0.001 --recode-INFO-all --recode --stdout | gzip -c > /mnt/archive/HARVEST/genotypes-base/imputed/merged/unique_rsids/common/7-merged-unique-rsids-common.vcf.gz
        
rule extract_common:
    input: /mnt/archive/HARVEST/genotypes-base/imputed/merged/unique_rsids/12-merged-unique-rsids.vcf.gz
    output: /mnt/archive/HARVEST/genotypes-base/imputed/merged/unique_rsids/common/12-merged-unique-rsids-common.vcf.gz
    jobid: 25
    wildcards: chr=12


        /mnt/archive/HARVEST/genotypes-base-src/software/vcftools-0.1.13/vcftools --gzvcf /mnt/archive/HARVEST/genotypes-base/imputed/merged/unique_rsids/12-merged-unique-rsids.vcf.gz --maf 0.001 --recode-INFO-all --recode --stdout | gzip -c > /mnt/archive/HARVEST/genotypes-base/imputed/merged/unique_rsids/common/12-merged-unique-rsids-common.vcf.gz
        
rule extract_common:
    input: /mnt/archive/HARVEST/genotypes-base/imputed/merged/unique_rsids/11-merged-unique-rsids.vcf.gz
    output: /mnt/archive/HARVEST/genotypes-base/imputed/merged/unique_rsids/common/11-merged-unique-rsids-common.vcf.gz
    jobid: 36
    wildcards: chr=11


        /mnt/archive/HARVEST/genotypes-base-src/software/vcftools-0.1.13/vcftools --gzvcf /mnt/archive/HARVEST/genotypes-base/imputed/merged/unique_rsids/11-merged-unique-rsids.vcf.gz --maf 0.001 --recode-INFO-all --recode --stdout | gzip -c > /mnt/archive/HARVEST/genotypes-base/imputed/merged/unique_rsids/common/11-merged-unique-rsids-common.vcf.gz
        
rule extract_common:
    input: /mnt/archive/HARVEST/genotypes-base/imputed/merged/unique_rsids/1-merged-unique-rsids.vcf.gz
    output: /mnt/archive/HARVEST/genotypes-base/imputed/merged/unique_rsids/common/1-merged-unique-rsids-common.vcf.gz
    jobid: 30
    wildcards: chr=1


        /mnt/archive/HARVEST/genotypes-base-src/software/vcftools-0.1.13/vcftools --gzvcf /mnt/archive/HARVEST/genotypes-base/imputed/merged/unique_rsids/1-merged-unique-rsids.vcf.gz --maf 0.001 --recode-INFO-all --recode --stdout | gzip -c > /mnt/archive/HARVEST/genotypes-base/imputed/merged/unique_rsids/common/1-merged-unique-rsids-common.vcf.gz
        
rule extract_common:
    input: /mnt/archive/HARVEST/genotypes-base/imputed/merged/unique_rsids/17-merged-unique-rsids.vcf.gz
    output: /mnt/archive/HARVEST/genotypes-base/imputed/merged/unique_rsids/common/17-merged-unique-rsids-common.vcf.gz
    jobid: 29
    wildcards: chr=17


        /mnt/archive/HARVEST/genotypes-base-src/software/vcftools-0.1.13/vcftools --gzvcf /mnt/archive/HARVEST/genotypes-base/imputed/merged/unique_rsids/17-merged-unique-rsids.vcf.gz --maf 0.001 --recode-INFO-all --recode --stdout | gzip -c > /mnt/archive/HARVEST/genotypes-base/imputed/merged/unique_rsids/common/17-merged-unique-rsids-common.vcf.gz
        
rule extract_common:
    input: /mnt/archive/HARVEST/genotypes-base/imputed/merged/unique_rsids/16-merged-unique-rsids.vcf.gz
    output: /mnt/archive/HARVEST/genotypes-base/imputed/merged/unique_rsids/common/16-merged-unique-rsids-common.vcf.gz
    jobid: 34
    wildcards: chr=16


        /mnt/archive/HARVEST/genotypes-base-src/software/vcftools-0.1.13/vcftools --gzvcf /mnt/archive/HARVEST/genotypes-base/imputed/merged/unique_rsids/16-merged-unique-rsids.vcf.gz --maf 0.001 --recode-INFO-all --recode --stdout | gzip -c > /mnt/archive/HARVEST/genotypes-base/imputed/merged/unique_rsids/common/16-merged-unique-rsids-common.vcf.gz
        

rule merge_imputed:
    input: /mnt/archive/HARVEST/delivery-fhi/data/imputed/imputed_m12/4.vcf.gz, /mnt/archive/HARVEST/delivery-fhi/data/imputed/imputed_m24/4.vcf.gz
    output: /mnt/archive/HARVEST/genotypes-base/imputed/merged/4-merged.vcf.gz
    jobid: 35
    wildcards: chr=4


        /mnt/archive/HARVEST/genotypes-base-src/software/bcftools-1.7/bcftools merge --info-rules INFO:avg -o /mnt/archive/HARVEST/genotypes-base/imputed/merged/4-merged.vcf.gz -Oz /mnt/archive/HARVEST/delivery-fhi/data/imputed/imputed_m12/4.vcf.gz /mnt/archive/HARVEST/delivery-fhi/data/imputed/imputed_m24/4.vcf.gz
        
rule merge_imputed:
    input: /mnt/archive/HARVEST/delivery-fhi/data/imputed/imputed_m12/3.vcf.gz, /mnt/archive/HARVEST/delivery-fhi/data/imputed/imputed_m24/3.vcf.gz
    output: /mnt/archive/HARVEST/genotypes-base/imputed/merged/3-merged.vcf.gz
    jobid: 37
    wildcards: chr=3


        /mnt/archive/HARVEST/genotypes-base-src/software/bcftools-1.7/bcftools merge --info-rules INFO:avg -o /mnt/archive/HARVEST/genotypes-base/imputed/merged/3-merged.vcf.gz -Oz /mnt/archive/HARVEST/delivery-fhi/data/imputed/imputed_m12/3.vcf.gz /mnt/archive/HARVEST/delivery-fhi/data/imputed/imputed_m24/3.vcf.gz
        
rule extract_common:
    input: /mnt/archive/HARVEST/genotypes-base/imputed/merged/unique_rsids/8-merged-unique-rsids.vcf.gz
    output: /mnt/archive/HARVEST/genotypes-base/imputed/merged/unique_rsids/common/8-merged-unique-rsids-common.vcf.gz
    jobid: 2
    wildcards: chr=8


        /mnt/archive/HARVEST/genotypes-base-src/software/vcftools-0.1.13/vcftools --gzvcf /mnt/archive/HARVEST/genotypes-base/imputed/merged/unique_rsids/8-merged-unique-rsids.vcf.gz --maf 0.001 --recode-INFO-all --recode --stdout | gzip -c > /mnt/archive/HARVEST/genotypes-base/imputed/merged/unique_rsids/common/8-merged-unique-rsids-common.vcf.gz
        
rule generate_unique_rsids:
    input: /mnt/archive/HARVEST/genotypes-base/imputed/merged/9-merged.vcf.gz
    output: /mnt/archive/HARVEST/genotypes-base/imputed/merged/unique_rsids/9-merged-unique-rsids.vcf.gz
    jobid: 6
    wildcards: chr=9


        zcat /mnt/archive/HARVEST/genotypes-base/imputed/merged/9-merged.vcf.gz | awk -v OFS='	' '$0~/^#/{print; next} {snp[$3]++} $3=="."{$3=$1":"$2"_"$4"/"$5} snp[$3]>1 {$3=$3"_"snp[$3]} {print}' | gzip > /mnt/archive/HARVEST/genotypes-base/imputed/merged/unique_rsids/9-merged-unique-rsids.vcf.gz
        
rule extract_common:
    input: /mnt/archive/HARVEST/genotypes-base/imputed/merged/unique_rsids/19-merged-unique-rsids.vcf.gz
    output: /mnt/archive/HARVEST/genotypes-base/imputed/merged/unique_rsids/common/19-merged-unique-rsids-common.vcf.gz
    jobid: 39
    wildcards: chr=19


        /mnt/archive/HARVEST/genotypes-base-src/software/vcftools-0.1.13/vcftools --gzvcf /mnt/archive/HARVEST/genotypes-base/imputed/merged/unique_rsids/19-merged-unique-rsids.vcf.gz --maf 0.001 --recode-INFO-all --recode --stdout | gzip -c > /mnt/archive/HARVEST/genotypes-base/imputed/merged/unique_rsids/common/19-merged-unique-rsids-common.vcf.gz
        
rule extract_common:
    input: /mnt/archive/HARVEST/genotypes-base/imputed/merged/unique_rsids/22-merged-unique-rsids.vcf.gz
    output: /mnt/archive/HARVEST/genotypes-base/imputed/merged/unique_rsids/common/22-merged-unique-rsids-common.vcf.gz
    jobid: 40
    wildcards: chr=22


        /mnt/archive/HARVEST/genotypes-base-src/software/vcftools-0.1.13/vcftools --gzvcf /mnt/archive/HARVEST/genotypes-base/imputed/merged/unique_rsids/22-merged-unique-rsids.vcf.gz --maf 0.001 --recode-INFO-all --recode --stdout | gzip -c > /mnt/archive/HARVEST/genotypes-base/imputed/merged/unique_rsids/common/22-merged-unique-rsids-common.vcf.gz
        
rule extract_common:
    input: /mnt/archive/HARVEST/genotypes-base/imputed/merged/unique_rsids/2-merged-unique-rsids.vcf.gz
    output: /mnt/archive/HARVEST/genotypes-base/imputed/merged/unique_rsids/common/2-merged-unique-rsids-common.vcf.gz
    jobid: 50
    wildcards: chr=2

rule extract_common:
    input: /mnt/archive/HARVEST/genotypes-base/imputed/merged/unique_rsids/14-merged-unique-rsids.vcf.gz
    output: /mnt/archive/HARVEST/genotypes-base/imputed/merged/unique_rsids/common/14-merged-unique-rsids-common.vcf.gz
    jobid: 55
    wildcards: chr=14


        /mnt/archive/HARVEST/genotypes-base-src/software/vcftools-0.1.13/vcftools --gzvcf /mnt/archive/HARVEST/genotypes-base/imputed/merged/unique_rsids/2-merged-unique-rsids.vcf.gz --maf 0.001 --recode-INFO-all --recode --stdout | gzip -c > /mnt/archive/HARVEST/genotypes-base/imputed/merged/unique_rsids/common/2-merged-unique-rsids-common.vcf.gz
        

        /mnt/archive/HARVEST/genotypes-base-src/software/vcftools-0.1.13/vcftools --gzvcf /mnt/archive/HARVEST/genotypes-base/imputed/merged/unique_rsids/14-merged-unique-rsids.vcf.gz --maf 0.001 --recode-INFO-all --recode --stdout | gzip -c > /mnt/archive/HARVEST/genotypes-base/imputed/merged/unique_rsids/common/14-merged-unique-rsids-common.vcf.gz
        

rule extract_common:
    input: /mnt/archive/HARVEST/genotypes-base/imputed/merged/unique_rsids/15-merged-unique-rsids.vcf.gz
    output: /mnt/archive/HARVEST/genotypes-base/imputed/merged/unique_rsids/common/15-merged-unique-rsids-common.vcf.gz
    jobid: 7
    wildcards: chr=15

rule extract_common:
    input: /mnt/archive/HARVEST/genotypes-base/imputed/merged/unique_rsids/18-merged-unique-rsids.vcf.gz
    output: /mnt/archive/HARVEST/genotypes-base/imputed/merged/unique_rsids/common/18-merged-unique-rsids-common.vcf.gz
    jobid: 62
    wildcards: chr=18


        /mnt/archive/HARVEST/genotypes-base-src/software/vcftools-0.1.13/vcftools --gzvcf /mnt/archive/HARVEST/genotypes-base/imputed/merged/unique_rsids/15-merged-unique-rsids.vcf.gz --maf 0.001 --recode-INFO-all --recode --stdout | gzip -c > /mnt/archive/HARVEST/genotypes-base/imputed/merged/unique_rsids/common/15-merged-unique-rsids-common.vcf.gz
        

        /mnt/archive/HARVEST/genotypes-base-src/software/vcftools-0.1.13/vcftools --gzvcf /mnt/archive/HARVEST/genotypes-base/imputed/merged/unique_rsids/18-merged-unique-rsids.vcf.gz --maf 0.001 --recode-INFO-all --recode --stdout | gzip -c > /mnt/archive/HARVEST/genotypes-base/imputed/merged/unique_rsids/common/18-merged-unique-rsids-common.vcf.gz
        

rule extract_common:
    input: /mnt/archive/HARVEST/genotypes-base/imputed/merged/unique_rsids/20-merged-unique-rsids.vcf.gz
    output: /mnt/archive/HARVEST/genotypes-base/imputed/merged/unique_rsids/common/20-merged-unique-rsids-common.vcf.gz
    jobid: 63
    wildcards: chr=20


        /mnt/archive/HARVEST/genotypes-base-src/software/vcftools-0.1.13/vcftools --gzvcf /mnt/archive/HARVEST/genotypes-base/imputed/merged/unique_rsids/20-merged-unique-rsids.vcf.gz --maf 0.001 --recode-INFO-all --recode --stdout | gzip -c > /mnt/archive/HARVEST/genotypes-base/imputed/merged/unique_rsids/common/20-merged-unique-rsids-common.vcf.gz
        

rule extract_common:
    input: /mnt/archive/HARVEST/genotypes-base/imputed/merged/unique_rsids/10-merged-unique-rsids.vcf.gz
    output: /mnt/archive/HARVEST/genotypes-base/imputed/merged/unique_rsids/common/10-merged-unique-rsids-common.vcf.gz
    jobid: 42
    wildcards: chr=10


        /mnt/archive/HARVEST/genotypes-base-src/software/vcftools-0.1.13/vcftools --gzvcf /mnt/archive/HARVEST/genotypes-base/imputed/merged/unique_rsids/10-merged-unique-rsids.vcf.gz --maf 0.001 --recode-INFO-all --recode --stdout | gzip -c > /mnt/archive/HARVEST/genotypes-base/imputed/merged/unique_rsids/common/10-merged-unique-rsids-common.vcf.gz
        
Error in rule generate_unique_rsids:
    jobid: 6
    output: /mnt/archive/HARVEST/genotypes-base/imputed/merged/unique_rsids/9-merged-unique-rsids.vcf.gz

RuleException:
CalledProcessError in line 35 of /mnt/archive/HARVEST/genotypes-base-src/snakefiles/generate-base.snake:
Command ' set -euo pipefail;  
        zcat /mnt/archive/HARVEST/genotypes-base/imputed/merged/9-merged.vcf.gz | awk -v OFS='	' '$0~/^#/{print; next} {snp[$3]++} $3=="."{$3=$1":"$2"_"$4"/"$5} snp[$3]>1 {$3=$3"_"snp[$3]} {print}' | gzip > /mnt/archive/HARVEST/genotypes-base/imputed/merged/unique_rsids/9-merged-unique-rsids.vcf.gz ' returned non-zero exit status 1
  File "/mnt/archive/HARVEST/genotypes-base-src/snakefiles/generate-base.snake", line 35, in __rule_generate_unique_rsids
  File "/usr/lib/python3.5/concurrent/futures/thread.py", line 55, in run
Removing output files of failed job generate_unique_rsids since they might be corrupted:
/mnt/archive/HARVEST/genotypes-base/imputed/merged/unique_rsids/9-merged-unique-rsids.vcf.gz
Error in rule extract_common:
    jobid: 34
Terminating processes on user request, this might take some time.
    output: /mnt/archive/HARVEST/genotypes-base/imputed/merged/unique_rsids/common/16-merged-unique-rsids-common.vcf.gz
Error in rule extract_common:
Error in rule extract_common:
Error in rule extract_common:
Error in rule extract_common:
Error in rule merge_imputed:
Error in rule extract_common:
Error in rule extract_common:
Error in rule extract_common:
Error in rule extract_common:
Error in rule extract_common:
Error in rule extract_common:
Error in rule extract_common:
Error in rule merge_imputed:
Error in rule extract_common:
Error in rule extract_common:
Error in rule extract_common:
Error in rule extract_common:
    jobid: 39
Error in rule extract_common:
    jobid: 11
Error in rule extract_common:
Error in rule extract_common:
    jobid: 36
    jobid: 32
    jobid: 29
    output: /mnt/archive/HARVEST/genotypes-base/imputed/merged/unique_rsids/common/17-merged-unique-rsids-common.vcf.gz
    jobid: 30
    jobid: 55
    jobid: 40
    jobid: 20
    jobid: 2
    jobid: 25
    jobid: 7
    jobid: 35
    jobid: 63
    jobid: 10
    jobid: 42
    output: /mnt/archive/HARVEST/genotypes-base/imputed/merged/unique_rsids/common/19-merged-unique-rsids-common.vcf.gz

    jobid: 12
    output: /mnt/archive/HARVEST/genotypes-base/imputed/merged/unique_rsids/common/21-merged-unique-rsids-common.vcf.gz
    jobid: 62
    jobid: 50
    output: /mnt/archive/HARVEST/genotypes-base/imputed/merged/unique_rsids/common/11-merged-unique-rsids-common.vcf.gz
    output: /mnt/archive/HARVEST/genotypes-base/imputed/merged/unique_rsids/common/7-merged-unique-rsids-common.vcf.gz

RuleException:
CalledProcessError in line 48 of /mnt/archive/HARVEST/genotypes-base-src/snakefiles/generate-base.snake:
Command ' set -euo pipefail;  
        /mnt/archive/HARVEST/genotypes-base-src/software/vcftools-0.1.13/vcftools --gzvcf /mnt/archive/HARVEST/genotypes-base/imputed/merged/unique_rsids/17-merged-unique-rsids.vcf.gz --maf 0.001 --recode-INFO-all --recode --stdout | gzip -c > /mnt/archive/HARVEST/genotypes-base/imputed/merged/unique_rsids/common/17-merged-unique-rsids-common.vcf.gz ' returned non-zero exit status -2
  File "/mnt/archive/HARVEST/genotypes-base-src/snakefiles/generate-base.snake", line 48, in __rule_extract_common
  File "/usr/lib/python3.5/concurrent/futures/thread.py", line 55, in run
    output: /mnt/archive/HARVEST/genotypes-base/imputed/merged/unique_rsids/common/1-merged-unique-rsids-common.vcf.gz
    output: /mnt/archive/HARVEST/genotypes-base/imputed/merged/unique_rsids/common/14-merged-unique-rsids-common.vcf.gz
    output: /mnt/archive/HARVEST/genotypes-base/imputed/merged/unique_rsids/common/22-merged-unique-rsids-common.vcf.gz
    output: /mnt/archive/HARVEST/genotypes-base/imputed/merged/unique_rsids/common/5-merged-unique-rsids-common.vcf.gz

RuleException:
CalledProcessError in line 48 of /mnt/archive/HARVEST/genotypes-base-src/snakefiles/generate-base.snake:
Command ' set -euo pipefail;  
        /mnt/archive/HARVEST/genotypes-base-src/software/vcftools-0.1.13/vcftools --gzvcf /mnt/archive/HARVEST/genotypes-base/imputed/merged/unique_rsids/5-merged-unique-rsids.vcf.gz --maf 0.001 --recode-INFO-all --recode --stdout | gzip -c > /mnt/archive/HARVEST/genotypes-base/imputed/merged/unique_rsids/common/5-merged-unique-rsids-common.vcf.gz ' returned non-zero exit status -2
  File "/mnt/archive/HARVEST/genotypes-base-src/snakefiles/generate-base.snake", line 48, in __rule_extract_common
  File "/usr/lib/python3.5/concurrent/futures/thread.py", line 55, in run
    output: /mnt/archive/HARVEST/genotypes-base/imputed/merged/unique_rsids/common/8-merged-unique-rsids-common.vcf.gz
    output: /mnt/archive/HARVEST/genotypes-base/imputed/merged/unique_rsids/common/15-merged-unique-rsids-common.vcf.gz
    output: /mnt/archive/HARVEST/genotypes-base/imputed/merged/unique_rsids/common/20-merged-unique-rsids-common.vcf.gz
    output: /mnt/archive/HARVEST/genotypes-base/imputed/merged/unique_rsids/common/6-merged-unique-rsids-common.vcf.gz
    output: /mnt/archive/HARVEST/genotypes-base/imputed/merged/unique_rsids/common/10-merged-unique-rsids-common.vcf.gz

    output: /mnt/archive/HARVEST/genotypes-base/imputed/merged/unique_rsids/common/13-merged-unique-rsids-common.vcf.gz

RuleException:
CalledProcessError in line 48 of /mnt/archive/HARVEST/genotypes-base-src/snakefiles/generate-base.snake:
Command ' set -euo pipefail;  
        /mnt/archive/HARVEST/genotypes-base-src/software/vcftools-0.1.13/vcftools --gzvcf /mnt/archive/HARVEST/genotypes-base/imputed/merged/unique_rsids/19-merged-unique-rsids.vcf.gz --maf 0.001 --recode-INFO-all --recode --stdout | gzip -c > /mnt/archive/HARVEST/genotypes-base/imputed/merged/unique_rsids/common/19-merged-unique-rsids-common.vcf.gz ' returned non-zero exit status -2
  File "/mnt/archive/HARVEST/genotypes-base-src/snakefiles/generate-base.snake", line 48, in __rule_extract_common
  File "/usr/lib/python3.5/concurrent/futures/thread.py", line 55, in run
    output: /mnt/archive/HARVEST/genotypes-base/imputed/merged/unique_rsids/common/18-merged-unique-rsids-common.vcf.gz
    output: /mnt/archive/HARVEST/genotypes-base/imputed/merged/unique_rsids/common/2-merged-unique-rsids-common.vcf.gz


Removing output files of failed job extract_common since they might be corrupted:
/mnt/archive/HARVEST/genotypes-base/imputed/merged/unique_rsids/common/17-merged-unique-rsids-common.vcf.gz
    jobid: 37




    output: /mnt/archive/HARVEST/genotypes-base/imputed/merged/unique_rsids/common/12-merged-unique-rsids-common.vcf.gz
    output: /mnt/archive/HARVEST/genotypes-base/imputed/merged/4-merged.vcf.gz





RuleException:
CalledProcessError in line 48 of /mnt/archive/HARVEST/genotypes-base-src/snakefiles/generate-base.snake:
Command ' set -euo pipefail;  
        /mnt/archive/HARVEST/genotypes-base-src/software/vcftools-0.1.13/vcftools --gzvcf /mnt/archive/HARVEST/genotypes-base/imputed/merged/unique_rsids/16-merged-unique-rsids.vcf.gz --maf 0.001 --recode-INFO-all --recode --stdout | gzip -c > /mnt/archive/HARVEST/genotypes-base/imputed/merged/unique_rsids/common/16-merged-unique-rsids-common.vcf.gz ' returned non-zero exit status -2
  File "/mnt/archive/HARVEST/genotypes-base-src/snakefiles/generate-base.snake", line 48, in __rule_extract_common
  File "/usr/lib/python3.5/concurrent/futures/thread.py", line 55, in run
RuleException:
CalledProcessError in line 48 of /mnt/archive/HARVEST/genotypes-base-src/snakefiles/generate-base.snake:
Command ' set -euo pipefail;  
        /mnt/archive/HARVEST/genotypes-base-src/software/vcftools-0.1.13/vcftools --gzvcf /mnt/archive/HARVEST/genotypes-base/imputed/merged/unique_rsids/21-merged-unique-rsids.vcf.gz --maf 0.001 --recode-INFO-all --recode --stdout | gzip -c > /mnt/archive/HARVEST/genotypes-base/imputed/merged/unique_rsids/common/21-merged-unique-rsids-common.vcf.gz ' returned non-zero exit status -2
  File "/mnt/archive/HARVEST/genotypes-base-src/snakefiles/generate-base.snake", line 48, in __rule_extract_common
  File "/usr/lib/python3.5/concurrent/futures/thread.py", line 55, in run


RuleException:
CalledProcessError in line 48 of /mnt/archive/HARVEST/genotypes-base-src/snakefiles/generate-base.snake:
Command ' set -euo pipefail;  
        /mnt/archive/HARVEST/genotypes-base-src/software/vcftools-0.1.13/vcftools --gzvcf /mnt/archive/HARVEST/genotypes-base/imputed/merged/unique_rsids/7-merged-unique-rsids.vcf.gz --maf 0.001 --recode-INFO-all --recode --stdout | gzip -c > /mnt/archive/HARVEST/genotypes-base/imputed/merged/unique_rsids/common/7-merged-unique-rsids-common.vcf.gz ' returned non-zero exit status -2
  File "/mnt/archive/HARVEST/genotypes-base-src/snakefiles/generate-base.snake", line 48, in __rule_extract_common
  File "/usr/lib/python3.5/concurrent/futures/thread.py", line 55, in run
RuleException:
CalledProcessError in line 48 of /mnt/archive/HARVEST/genotypes-base-src/snakefiles/generate-base.snake:
Command ' set -euo pipefail;  
        /mnt/archive/HARVEST/genotypes-base-src/software/vcftools-0.1.13/vcftools --gzvcf /mnt/archive/HARVEST/genotypes-base/imputed/merged/unique_rsids/11-merged-unique-rsids.vcf.gz --maf 0.001 --recode-INFO-all --recode --stdout | gzip -c > /mnt/archive/HARVEST/genotypes-base/imputed/merged/unique_rsids/common/11-merged-unique-rsids-common.vcf.gz ' returned non-zero exit status -2
  File "/mnt/archive/HARVEST/genotypes-base-src/snakefiles/generate-base.snake", line 48, in __rule_extract_common
  File "/usr/lib/python3.5/concurrent/futures/thread.py", line 55, in run
    output: /mnt/archive/HARVEST/genotypes-base/imputed/merged/3-merged.vcf.gz
RuleException:
CalledProcessError in line 48 of /mnt/archive/HARVEST/genotypes-base-src/snakefiles/generate-base.snake:
Command ' set -euo pipefail;  
        /mnt/archive/HARVEST/genotypes-base-src/software/vcftools-0.1.13/vcftools --gzvcf /mnt/archive/HARVEST/genotypes-base/imputed/merged/unique_rsids/1-merged-unique-rsids.vcf.gz --maf 0.001 --recode-INFO-all --recode --stdout | gzip -c > /mnt/archive/HARVEST/genotypes-base/imputed/merged/unique_rsids/common/1-merged-unique-rsids-common.vcf.gz ' returned non-zero exit status -2
  File "/mnt/archive/HARVEST/genotypes-base-src/snakefiles/generate-base.snake", line 48, in __rule_extract_common
  File "/usr/lib/python3.5/concurrent/futures/thread.py", line 55, in run

RuleException:
CalledProcessError in line 48 of /mnt/archive/HARVEST/genotypes-base-src/snakefiles/generate-base.snake:
Command ' set -euo pipefail;  
        /mnt/archive/HARVEST/genotypes-base-src/software/vcftools-0.1.13/vcftools --gzvcf /mnt/archive/HARVEST/genotypes-base/imputed/merged/unique_rsids/14-merged-unique-rsids.vcf.gz --maf 0.001 --recode-INFO-all --recode --stdout | gzip -c > /mnt/archive/HARVEST/genotypes-base/imputed/merged/unique_rsids/common/14-merged-unique-rsids-common.vcf.gz ' returned non-zero exit status -2
  File "/mnt/archive/HARVEST/genotypes-base-src/snakefiles/generate-base.snake", line 48, in __rule_extract_common
  File "/usr/lib/python3.5/concurrent/futures/thread.py", line 55, in run

RuleException:
CalledProcessError in line 48 of /mnt/archive/HARVEST/genotypes-base-src/snakefiles/generate-base.snake:
Command ' set -euo pipefail;  
        /mnt/archive/HARVEST/genotypes-base-src/software/vcftools-0.1.13/vcftools --gzvcf /mnt/archive/HARVEST/genotypes-base/imputed/merged/unique_rsids/22-merged-unique-rsids.vcf.gz --maf 0.001 --recode-INFO-all --recode --stdout | gzip -c > /mnt/archive/HARVEST/genotypes-base/imputed/merged/unique_rsids/common/22-merged-unique-rsids-common.vcf.gz ' returned non-zero exit status -2
  File "/mnt/archive/HARVEST/genotypes-base-src/snakefiles/generate-base.snake", line 48, in __rule_extract_common
  File "/usr/lib/python3.5/concurrent/futures/thread.py", line 55, in run
RuleException:
CalledProcessError in line 48 of /mnt/archive/HARVEST/genotypes-base-src/snakefiles/generate-base.snake:
Command ' set -euo pipefail;  
        /mnt/archive/HARVEST/genotypes-base-src/software/vcftools-0.1.13/vcftools --gzvcf /mnt/archive/HARVEST/genotypes-base/imputed/merged/unique_rsids/8-merged-unique-rsids.vcf.gz --maf 0.001 --recode-INFO-all --recode --stdout | gzip -c > /mnt/archive/HARVEST/genotypes-base/imputed/merged/unique_rsids/common/8-merged-unique-rsids-common.vcf.gz ' returned non-zero exit status -2
  File "/mnt/archive/HARVEST/genotypes-base-src/snakefiles/generate-base.snake", line 48, in __rule_extract_common
  File "/usr/lib/python3.5/concurrent/futures/thread.py", line 55, in run
RuleException:
CalledProcessError in line 48 of /mnt/archive/HARVEST/genotypes-base-src/snakefiles/generate-base.snake:
Command ' set -euo pipefail;  
        /mnt/archive/HARVEST/genotypes-base-src/software/vcftools-0.1.13/vcftools --gzvcf /mnt/archive/HARVEST/genotypes-base/imputed/merged/unique_rsids/10-merged-unique-rsids.vcf.gz --maf 0.001 --recode-INFO-all --recode --stdout | gzip -c > /mnt/archive/HARVEST/genotypes-base/imputed/merged/unique_rsids/common/10-merged-unique-rsids-common.vcf.gz ' returned non-zero exit status -2
  File "/mnt/archive/HARVEST/genotypes-base-src/snakefiles/generate-base.snake", line 48, in __rule_extract_common
  File "/usr/lib/python3.5/concurrent/futures/thread.py", line 55, in run
RuleException:
CalledProcessError in line 48 of /mnt/archive/HARVEST/genotypes-base-src/snakefiles/generate-base.snake:
Command ' set -euo pipefail;  
        /mnt/archive/HARVEST/genotypes-base-src/software/vcftools-0.1.13/vcftools --gzvcf /mnt/archive/HARVEST/genotypes-base/imputed/merged/unique_rsids/20-merged-unique-rsids.vcf.gz --maf 0.001 --recode-INFO-all --recode --stdout | gzip -c > /mnt/archive/HARVEST/genotypes-base/imputed/merged/unique_rsids/common/20-merged-unique-rsids-common.vcf.gz ' returned non-zero exit status -2
  File "/mnt/archive/HARVEST/genotypes-base-src/snakefiles/generate-base.snake", line 48, in __rule_extract_common
  File "/usr/lib/python3.5/concurrent/futures/thread.py", line 55, in run
RuleException:
CalledProcessError in line 48 of /mnt/archive/HARVEST/genotypes-base-src/snakefiles/generate-base.snake:
Command ' set -euo pipefail;  
        /mnt/archive/HARVEST/genotypes-base-src/software/vcftools-0.1.13/vcftools --gzvcf /mnt/archive/HARVEST/genotypes-base/imputed/merged/unique_rsids/6-merged-unique-rsids.vcf.gz --maf 0.001 --recode-INFO-all --recode --stdout | gzip -c > /mnt/archive/HARVEST/genotypes-base/imputed/merged/unique_rsids/common/6-merged-unique-rsids-common.vcf.gz ' returned non-zero exit status -2
  File "/mnt/archive/HARVEST/genotypes-base-src/snakefiles/generate-base.snake", line 48, in __rule_extract_common
  File "/usr/lib/python3.5/concurrent/futures/thread.py", line 55, in run
RuleException:
CalledProcessError in line 48 of /mnt/archive/HARVEST/genotypes-base-src/snakefiles/generate-base.snake:
Command ' set -euo pipefail;  
        /mnt/archive/HARVEST/genotypes-base-src/software/vcftools-0.1.13/vcftools --gzvcf /mnt/archive/HARVEST/genotypes-base/imputed/merged/unique_rsids/15-merged-unique-rsids.vcf.gz --maf 0.001 --recode-INFO-all --recode --stdout | gzip -c > /mnt/archive/HARVEST/genotypes-base/imputed/merged/unique_rsids/common/15-merged-unique-rsids-common.vcf.gz ' returned non-zero exit status -2
  File "/mnt/archive/HARVEST/genotypes-base-src/snakefiles/generate-base.snake", line 48, in __rule_extract_common
  File "/usr/lib/python3.5/concurrent/futures/thread.py", line 55, in run
RuleException:
CalledProcessError in line 48 of /mnt/archive/HARVEST/genotypes-base-src/snakefiles/generate-base.snake:
Command ' set -euo pipefail;  
        /mnt/archive/HARVEST/genotypes-base-src/software/vcftools-0.1.13/vcftools --gzvcf /mnt/archive/HARVEST/genotypes-base/imputed/merged/unique_rsids/13-merged-unique-rsids.vcf.gz --maf 0.001 --recode-INFO-all --recode --stdout | gzip -c > /mnt/archive/HARVEST/genotypes-base/imputed/merged/unique_rsids/common/13-merged-unique-rsids-common.vcf.gz ' returned non-zero exit status -2
  File "/mnt/archive/HARVEST/genotypes-base-src/snakefiles/generate-base.snake", line 48, in __rule_extract_common
  File "/usr/lib/python3.5/concurrent/futures/thread.py", line 55, in run
RuleException:
CalledProcessError in line 48 of /mnt/archive/HARVEST/genotypes-base-src/snakefiles/generate-base.snake:
Command ' set -euo pipefail;  
        /mnt/archive/HARVEST/genotypes-base-src/software/vcftools-0.1.13/vcftools --gzvcf /mnt/archive/HARVEST/genotypes-base/imputed/merged/unique_rsids/2-merged-unique-rsids.vcf.gz --maf 0.001 --recode-INFO-all --recode --stdout | gzip -c > /mnt/archive/HARVEST/genotypes-base/imputed/merged/unique_rsids/common/2-merged-unique-rsids-common.vcf.gz ' returned non-zero exit status -2
  File "/mnt/archive/HARVEST/genotypes-base-src/snakefiles/generate-base.snake", line 48, in __rule_extract_common
  File "/usr/lib/python3.5/concurrent/futures/thread.py", line 55, in run
RuleException:
CalledProcessError in line 48 of /mnt/archive/HARVEST/genotypes-base-src/snakefiles/generate-base.snake:
Command ' set -euo pipefail;  
        /mnt/archive/HARVEST/genotypes-base-src/software/vcftools-0.1.13/vcftools --gzvcf /mnt/archive/HARVEST/genotypes-base/imputed/merged/unique_rsids/18-merged-unique-rsids.vcf.gz --maf 0.001 --recode-INFO-all --recode --stdout | gzip -c > /mnt/archive/HARVEST/genotypes-base/imputed/merged/unique_rsids/common/18-merged-unique-rsids-common.vcf.gz ' returned non-zero exit status -2
  File "/mnt/archive/HARVEST/genotypes-base-src/snakefiles/generate-base.snake", line 48, in __rule_extract_common
  File "/usr/lib/python3.5/concurrent/futures/thread.py", line 55, in run

RuleException:
CalledProcessError in line 48 of /mnt/archive/HARVEST/genotypes-base-src/snakefiles/generate-base.snake:
Command ' set -euo pipefail;  
        /mnt/archive/HARVEST/genotypes-base-src/software/vcftools-0.1.13/vcftools --gzvcf /mnt/archive/HARVEST/genotypes-base/imputed/merged/unique_rsids/12-merged-unique-rsids.vcf.gz --maf 0.001 --recode-INFO-all --recode --stdout | gzip -c > /mnt/archive/HARVEST/genotypes-base/imputed/merged/unique_rsids/common/12-merged-unique-rsids-common.vcf.gz ' returned non-zero exit status -2
  File "/mnt/archive/HARVEST/genotypes-base-src/snakefiles/generate-base.snake", line 48, in __rule_extract_common
  File "/usr/lib/python3.5/concurrent/futures/thread.py", line 55, in run
RuleException:
CalledProcessError in line 24 of /mnt/archive/HARVEST/genotypes-base-src/snakefiles/generate-base.snake:
Command ' set -euo pipefail;  
        /mnt/archive/HARVEST/genotypes-base-src/software/bcftools-1.7/bcftools merge --info-rules INFO:avg -o /mnt/archive/HARVEST/genotypes-base/imputed/merged/4-merged.vcf.gz -Oz /mnt/archive/HARVEST/delivery-fhi/data/imputed/imputed_m12/4.vcf.gz /mnt/archive/HARVEST/delivery-fhi/data/imputed/imputed_m24/4.vcf.gz ' returned non-zero exit status -2
  File "/mnt/archive/HARVEST/genotypes-base-src/snakefiles/generate-base.snake", line 24, in __rule_merge_imputed
  File "/usr/lib/python3.5/concurrent/futures/thread.py", line 55, in run
RuleException:
CalledProcessError in line 24 of /mnt/archive/HARVEST/genotypes-base-src/snakefiles/generate-base.snake:
Command ' set -euo pipefail;  
        /mnt/archive/HARVEST/genotypes-base-src/software/bcftools-1.7/bcftools merge --info-rules INFO:avg -o /mnt/archive/HARVEST/genotypes-base/imputed/merged/3-merged.vcf.gz -Oz /mnt/archive/HARVEST/delivery-fhi/data/imputed/imputed_m12/3.vcf.gz /mnt/archive/HARVEST/delivery-fhi/data/imputed/imputed_m24/3.vcf.gz ' returned non-zero exit status -2
  File "/mnt/archive/HARVEST/genotypes-base-src/snakefiles/generate-base.snake", line 24, in __rule_merge_imputed
  File "/usr/lib/python3.5/concurrent/futures/thread.py", line 55, in run
Removing output files of failed job extract_common since they might be corrupted:
/mnt/archive/HARVEST/genotypes-base/imputed/merged/unique_rsids/common/5-merged-unique-rsids-common.vcf.gz
Removing output files of failed job extract_common since they might be corrupted:
/mnt/archive/HARVEST/genotypes-base/imputed/merged/unique_rsids/common/19-merged-unique-rsids-common.vcf.gz
Removing output files of failed job extract_common since they might be corrupted:
/mnt/archive/HARVEST/genotypes-base/imputed/merged/unique_rsids/common/16-merged-unique-rsids-common.vcf.gz
Removing output files of failed job extract_common since they might be corrupted:
/mnt/archive/HARVEST/genotypes-base/imputed/merged/unique_rsids/common/21-merged-unique-rsids-common.vcf.gz
Removing output files of failed job extract_common since they might be corrupted:
/mnt/archive/HARVEST/genotypes-base/imputed/merged/unique_rsids/common/7-merged-unique-rsids-common.vcf.gz
Removing output files of failed job extract_common since they might be corrupted:
/mnt/archive/HARVEST/genotypes-base/imputed/merged/unique_rsids/common/11-merged-unique-rsids-common.vcf.gz
Removing output files of failed job extract_common since they might be corrupted:
/mnt/archive/HARVEST/genotypes-base/imputed/merged/unique_rsids/common/1-merged-unique-rsids-common.vcf.gz
Removing output files of failed job extract_common since they might be corrupted:
/mnt/archive/HARVEST/genotypes-base/imputed/merged/unique_rsids/common/14-merged-unique-rsids-common.vcf.gz
Removing output files of failed job extract_common since they might be corrupted:
/mnt/archive/HARVEST/genotypes-base/imputed/merged/unique_rsids/common/22-merged-unique-rsids-common.vcf.gz
Removing output files of failed job extract_common since they might be corrupted:
/mnt/archive/HARVEST/genotypes-base/imputed/merged/unique_rsids/common/8-merged-unique-rsids-common.vcf.gz
Removing output files of failed job extract_common since they might be corrupted:
/mnt/archive/HARVEST/genotypes-base/imputed/merged/unique_rsids/common/10-merged-unique-rsids-common.vcf.gz
Removing output files of failed job extract_common since they might be corrupted:
/mnt/archive/HARVEST/genotypes-base/imputed/merged/unique_rsids/common/20-merged-unique-rsids-common.vcf.gz
Removing output files of failed job extract_common since they might be corrupted:
/mnt/archive/HARVEST/genotypes-base/imputed/merged/unique_rsids/common/6-merged-unique-rsids-common.vcf.gz
Removing output files of failed job extract_common since they might be corrupted:
/mnt/archive/HARVEST/genotypes-base/imputed/merged/unique_rsids/common/15-merged-unique-rsids-common.vcf.gz
Removing output files of failed job extract_common since they might be corrupted:
/mnt/archive/HARVEST/genotypes-base/imputed/merged/unique_rsids/common/13-merged-unique-rsids-common.vcf.gz
Removing output files of failed job extract_common since they might be corrupted:
/mnt/archive/HARVEST/genotypes-base/imputed/merged/unique_rsids/common/2-merged-unique-rsids-common.vcf.gz
Removing output files of failed job extract_common since they might be corrupted:
/mnt/archive/HARVEST/genotypes-base/imputed/merged/unique_rsids/common/18-merged-unique-rsids-common.vcf.gz
Removing output files of failed job extract_common since they might be corrupted:
/mnt/archive/HARVEST/genotypes-base/imputed/merged/unique_rsids/common/12-merged-unique-rsids-common.vcf.gz
Removing output files of failed job merge_imputed since they might be corrupted:
/mnt/archive/HARVEST/genotypes-base/imputed/merged/4-merged.vcf.gz
Removing output files of failed job merge_imputed since they might be corrupted:
/mnt/archive/HARVEST/genotypes-base/imputed/merged/3-merged.vcf.gz
Complete log: /mnt/archive/HARVEST/genotypes-base-src/snakefiles/.snakemake/log/2018-03-26T081441.117868.snakemake.log
