Building DAG of jobs...
Using shell: /bin/bash
Provided cores: 23
Rules claiming more threads will be scaled down.
Job counts:
	count	jobs
	1	all
	22	extract_common
	22	generate_unique_rsids
	22	merge_imputed
	67

rule merge_imputed:
    input: /mnt/archive/HARVEST/delivery-fhi/data/imputed/imputed_m12/15.vcf.gz, /mnt/archive/HARVEST/delivery-fhi/data/imputed/imputed_m24/15.vcf.gz
    output: /mnt/archive/HARVEST/genotypes-base/imputed/merged/15-merged.vcf.gz
    jobid: 1
    wildcards: chr=15


        /mnt/archive/HARVEST/genotypes-base-src/software/bcftools-1.7/bcftools merge --info-rules INFO:avg -o /mnt/archive/HARVEST/genotypes-base/imputed/merged/15-merged.vcf.gz -Oz /mnt/archive/HARVEST/delivery-fhi/data/imputed/imputed_m12/15.vcf.gz /mnt/archive/HARVEST/delivery-fhi/data/imputed/imputed_m24/15.vcf.gz
        
rule merge_imputed:
    input: /mnt/archive/HARVEST/delivery-fhi/data/imputed/imputed_m12/7.vcf.gz, /mnt/archive/HARVEST/delivery-fhi/data/imputed/imputed_m24/7.vcf.gz
    output: /mnt/archive/HARVEST/genotypes-base/imputed/merged/7-merged.vcf.gz
    jobid: 4
    wildcards: chr=7


        /mnt/archive/HARVEST/genotypes-base-src/software/bcftools-1.7/bcftools merge --info-rules INFO:avg -o /mnt/archive/HARVEST/genotypes-base/imputed/merged/7-merged.vcf.gz -Oz /mnt/archive/HARVEST/delivery-fhi/data/imputed/imputed_m12/7.vcf.gz /mnt/archive/HARVEST/delivery-fhi/data/imputed/imputed_m24/7.vcf.gz
        
rule merge_imputed:
    input: /mnt/archive/HARVEST/delivery-fhi/data/imputed/imputed_m12/18.vcf.gz, /mnt/archive/HARVEST/delivery-fhi/data/imputed/imputed_m24/18.vcf.gz
    output: /mnt/archive/HARVEST/genotypes-base/imputed/merged/18-merged.vcf.gz
    jobid: 11
    wildcards: chr=18


        /mnt/archive/HARVEST/genotypes-base-src/software/bcftools-1.7/bcftools merge --info-rules INFO:avg -o /mnt/archive/HARVEST/genotypes-base/imputed/merged/18-merged.vcf.gz -Oz /mnt/archive/HARVEST/delivery-fhi/data/imputed/imputed_m12/18.vcf.gz /mnt/archive/HARVEST/delivery-fhi/data/imputed/imputed_m24/18.vcf.gz
        
rule merge_imputed:
    input: /mnt/archive/HARVEST/delivery-fhi/data/imputed/imputed_m12/9.vcf.gz, /mnt/archive/HARVEST/delivery-fhi/data/imputed/imputed_m24/9.vcf.gz
    output: /mnt/archive/HARVEST/genotypes-base/imputed/merged/9-merged.vcf.gz
    jobid: 14
    wildcards: chr=9


        /mnt/archive/HARVEST/genotypes-base-src/software/bcftools-1.7/bcftools merge --info-rules INFO:avg -o /mnt/archive/HARVEST/genotypes-base/imputed/merged/9-merged.vcf.gz -Oz /mnt/archive/HARVEST/delivery-fhi/data/imputed/imputed_m12/9.vcf.gz /mnt/archive/HARVEST/delivery-fhi/data/imputed/imputed_m24/9.vcf.gz
        
rule merge_imputed:
    input: /mnt/archive/HARVEST/delivery-fhi/data/imputed/imputed_m12/4.vcf.gz, /mnt/archive/HARVEST/delivery-fhi/data/imputed/imputed_m24/4.vcf.gz
    output: /mnt/archive/HARVEST/genotypes-base/imputed/merged/4-merged.vcf.gz
    jobid: 15
    wildcards: chr=4


        /mnt/archive/HARVEST/genotypes-base-src/software/bcftools-1.7/bcftools merge --info-rules INFO:avg -o /mnt/archive/HARVEST/genotypes-base/imputed/merged/4-merged.vcf.gz -Oz /mnt/archive/HARVEST/delivery-fhi/data/imputed/imputed_m12/4.vcf.gz /mnt/archive/HARVEST/delivery-fhi/data/imputed/imputed_m24/4.vcf.gz
        
rule merge_imputed:
    input: /mnt/archive/HARVEST/delivery-fhi/data/imputed/imputed_m12/20.vcf.gz, /mnt/archive/HARVEST/delivery-fhi/data/imputed/imputed_m24/20.vcf.gz
    output: /mnt/archive/HARVEST/genotypes-base/imputed/merged/20-merged.vcf.gz
    jobid: 25
    wildcards: chr=20


        /mnt/archive/HARVEST/genotypes-base-src/software/bcftools-1.7/bcftools merge --info-rules INFO:avg -o /mnt/archive/HARVEST/genotypes-base/imputed/merged/20-merged.vcf.gz -Oz /mnt/archive/HARVEST/delivery-fhi/data/imputed/imputed_m12/20.vcf.gz /mnt/archive/HARVEST/delivery-fhi/data/imputed/imputed_m24/20.vcf.gz
        
rule merge_imputed:
    input: /mnt/archive/HARVEST/delivery-fhi/data/imputed/imputed_m12/16.vcf.gz, /mnt/archive/HARVEST/delivery-fhi/data/imputed/imputed_m24/16.vcf.gz
    output: /mnt/archive/HARVEST/genotypes-base/imputed/merged/16-merged.vcf.gz
    jobid: 23
    wildcards: chr=16


        /mnt/archive/HARVEST/genotypes-base-src/software/bcftools-1.7/bcftools merge --info-rules INFO:avg -o /mnt/archive/HARVEST/genotypes-base/imputed/merged/16-merged.vcf.gz -Oz /mnt/archive/HARVEST/delivery-fhi/data/imputed/imputed_m12/16.vcf.gz /mnt/archive/HARVEST/delivery-fhi/data/imputed/imputed_m24/16.vcf.gz
        
rule merge_imputed:
    input: /mnt/archive/HARVEST/delivery-fhi/data/imputed/imputed_m12/19.vcf.gz, /mnt/archive/HARVEST/delivery-fhi/data/imputed/imputed_m24/19.vcf.gz
    output: /mnt/archive/HARVEST/genotypes-base/imputed/merged/19-merged.vcf.gz
    jobid: 59
    wildcards: chr=19


        /mnt/archive/HARVEST/genotypes-base-src/software/bcftools-1.7/bcftools merge --info-rules INFO:avg -o /mnt/archive/HARVEST/genotypes-base/imputed/merged/19-merged.vcf.gz -Oz /mnt/archive/HARVEST/delivery-fhi/data/imputed/imputed_m12/19.vcf.gz /mnt/archive/HARVEST/delivery-fhi/data/imputed/imputed_m24/19.vcf.gz
        
rule merge_imputed:
    input: /mnt/archive/HARVEST/delivery-fhi/data/imputed/imputed_m12/3.vcf.gz, /mnt/archive/HARVEST/delivery-fhi/data/imputed/imputed_m24/3.vcf.gz
    output: /mnt/archive/HARVEST/genotypes-base/imputed/merged/3-merged.vcf.gz
    jobid: 13
    wildcards: chr=3


        /mnt/archive/HARVEST/genotypes-base-src/software/bcftools-1.7/bcftools merge --info-rules INFO:avg -o /mnt/archive/HARVEST/genotypes-base/imputed/merged/3-merged.vcf.gz -Oz /mnt/archive/HARVEST/delivery-fhi/data/imputed/imputed_m12/3.vcf.gz /mnt/archive/HARVEST/delivery-fhi/data/imputed/imputed_m24/3.vcf.gz
        
rule merge_imputed:
    input: /mnt/archive/HARVEST/delivery-fhi/data/imputed/imputed_m12/22.vcf.gz, /mnt/archive/HARVEST/delivery-fhi/data/imputed/imputed_m24/22.vcf.gz
    output: /mnt/archive/HARVEST/genotypes-base/imputed/merged/22-merged.vcf.gz
    jobid: 21
    wildcards: chr=22


        /mnt/archive/HARVEST/genotypes-base-src/software/bcftools-1.7/bcftools merge --info-rules INFO:avg -o /mnt/archive/HARVEST/genotypes-base/imputed/merged/22-merged.vcf.gz -Oz /mnt/archive/HARVEST/delivery-fhi/data/imputed/imputed_m12/22.vcf.gz /mnt/archive/HARVEST/delivery-fhi/data/imputed/imputed_m24/22.vcf.gz
        

rule merge_imputed:
    input: /mnt/archive/HARVEST/delivery-fhi/data/imputed/imputed_m12/21.vcf.gz, /mnt/archive/HARVEST/delivery-fhi/data/imputed/imputed_m24/21.vcf.gz
    output: /mnt/archive/HARVEST/genotypes-base/imputed/merged/21-merged.vcf.gz
    jobid: 32
    wildcards: chr=21


        /mnt/archive/HARVEST/genotypes-base-src/software/bcftools-1.7/bcftools merge --info-rules INFO:avg -o /mnt/archive/HARVEST/genotypes-base/imputed/merged/21-merged.vcf.gz -Oz /mnt/archive/HARVEST/delivery-fhi/data/imputed/imputed_m12/21.vcf.gz /mnt/archive/HARVEST/delivery-fhi/data/imputed/imputed_m24/21.vcf.gz
        
rule merge_imputed:
    input: /mnt/archive/HARVEST/delivery-fhi/data/imputed/imputed_m12/1.vcf.gz, /mnt/archive/HARVEST/delivery-fhi/data/imputed/imputed_m24/1.vcf.gz
    output: /mnt/archive/HARVEST/genotypes-base/imputed/merged/1-merged.vcf.gz
    jobid: 34
    wildcards: chr=1

rule merge_imputed:
    input: /mnt/archive/HARVEST/delivery-fhi/data/imputed/imputed_m12/2.vcf.gz, /mnt/archive/HARVEST/delivery-fhi/data/imputed/imputed_m24/2.vcf.gz
    output: /mnt/archive/HARVEST/genotypes-base/imputed/merged/2-merged.vcf.gz
    jobid: 35
    wildcards: chr=2

        /mnt/archive/HARVEST/genotypes-base-src/software/bcftools-1.7/bcftools merge --info-rules INFO:avg -o /mnt/archive/HARVEST/genotypes-base/imputed/merged/1-merged.vcf.gz -Oz /mnt/archive/HARVEST/delivery-fhi/data/imputed/imputed_m12/1.vcf.gz /mnt/archive/HARVEST/delivery-fhi/data/imputed/imputed_m24/1.vcf.gz
        

rule merge_imputed:
    input: /mnt/archive/HARVEST/delivery-fhi/data/imputed/imputed_m12/6.vcf.gz, /mnt/archive/HARVEST/delivery-fhi/data/imputed/imputed_m24/6.vcf.gz
    output: /mnt/archive/HARVEST/genotypes-base/imputed/merged/6-merged.vcf.gz
    jobid: 38
    wildcards: chr=6

        /mnt/archive/HARVEST/genotypes-base-src/software/bcftools-1.7/bcftools merge --info-rules INFO:avg -o /mnt/archive/HARVEST/genotypes-base/imputed/merged/2-merged.vcf.gz -Oz /mnt/archive/HARVEST/delivery-fhi/data/imputed/imputed_m12/2.vcf.gz /mnt/archive/HARVEST/delivery-fhi/data/imputed/imputed_m24/2.vcf.gz
        

rule merge_imputed:
    input: /mnt/archive/HARVEST/delivery-fhi/data/imputed/imputed_m12/8.vcf.gz, /mnt/archive/HARVEST/delivery-fhi/data/imputed/imputed_m24/8.vcf.gz
    output: /mnt/archive/HARVEST/genotypes-base/imputed/merged/8-merged.vcf.gz
    jobid: 40
    wildcards: chr=8

        /mnt/archive/HARVEST/genotypes-base-src/software/bcftools-1.7/bcftools merge --info-rules INFO:avg -o /mnt/archive/HARVEST/genotypes-base/imputed/merged/6-merged.vcf.gz -Oz /mnt/archive/HARVEST/delivery-fhi/data/imputed/imputed_m12/6.vcf.gz /mnt/archive/HARVEST/delivery-fhi/data/imputed/imputed_m24/6.vcf.gz
        

rule merge_imputed:
    input: /mnt/archive/HARVEST/delivery-fhi/data/imputed/imputed_m12/5.vcf.gz, /mnt/archive/HARVEST/delivery-fhi/data/imputed/imputed_m24/5.vcf.gz
    output: /mnt/archive/HARVEST/genotypes-base/imputed/merged/5-merged.vcf.gz
    jobid: 41
    wildcards: chr=5

        /mnt/archive/HARVEST/genotypes-base-src/software/bcftools-1.7/bcftools merge --info-rules INFO:avg -o /mnt/archive/HARVEST/genotypes-base/imputed/merged/8-merged.vcf.gz -Oz /mnt/archive/HARVEST/delivery-fhi/data/imputed/imputed_m12/8.vcf.gz /mnt/archive/HARVEST/delivery-fhi/data/imputed/imputed_m24/8.vcf.gz
        

rule merge_imputed:
    input: /mnt/archive/HARVEST/delivery-fhi/data/imputed/imputed_m12/11.vcf.gz, /mnt/archive/HARVEST/delivery-fhi/data/imputed/imputed_m24/11.vcf.gz
    output: /mnt/archive/HARVEST/genotypes-base/imputed/merged/11-merged.vcf.gz
    jobid: 51
    wildcards: chr=11

        /mnt/archive/HARVEST/genotypes-base-src/software/bcftools-1.7/bcftools merge --info-rules INFO:avg -o /mnt/archive/HARVEST/genotypes-base/imputed/merged/5-merged.vcf.gz -Oz /mnt/archive/HARVEST/delivery-fhi/data/imputed/imputed_m12/5.vcf.gz /mnt/archive/HARVEST/delivery-fhi/data/imputed/imputed_m24/5.vcf.gz
        

rule merge_imputed:
    input: /mnt/archive/HARVEST/delivery-fhi/data/imputed/imputed_m12/14.vcf.gz, /mnt/archive/HARVEST/delivery-fhi/data/imputed/imputed_m24/14.vcf.gz
    output: /mnt/archive/HARVEST/genotypes-base/imputed/merged/14-merged.vcf.gz
    jobid: 46
    wildcards: chr=14

        /mnt/archive/HARVEST/genotypes-base-src/software/bcftools-1.7/bcftools merge --info-rules INFO:avg -o /mnt/archive/HARVEST/genotypes-base/imputed/merged/11-merged.vcf.gz -Oz /mnt/archive/HARVEST/delivery-fhi/data/imputed/imputed_m12/11.vcf.gz /mnt/archive/HARVEST/delivery-fhi/data/imputed/imputed_m24/11.vcf.gz
        

rule merge_imputed:
    input: /mnt/archive/HARVEST/delivery-fhi/data/imputed/imputed_m12/10.vcf.gz, /mnt/archive/HARVEST/delivery-fhi/data/imputed/imputed_m24/10.vcf.gz
    output: /mnt/archive/HARVEST/genotypes-base/imputed/merged/10-merged.vcf.gz
    jobid: 57
    wildcards: chr=10


        /mnt/archive/HARVEST/genotypes-base-src/software/bcftools-1.7/bcftools merge --info-rules INFO:avg -o /mnt/archive/HARVEST/genotypes-base/imputed/merged/14-merged.vcf.gz -Oz /mnt/archive/HARVEST/delivery-fhi/data/imputed/imputed_m12/14.vcf.gz /mnt/archive/HARVEST/delivery-fhi/data/imputed/imputed_m24/14.vcf.gz
        

rule merge_imputed:
    input: /mnt/archive/HARVEST/delivery-fhi/data/imputed/imputed_m12/13.vcf.gz, /mnt/archive/HARVEST/delivery-fhi/data/imputed/imputed_m24/13.vcf.gz
    output: /mnt/archive/HARVEST/genotypes-base/imputed/merged/13-merged.vcf.gz
    jobid: 43
    wildcards: chr=13

        /mnt/archive/HARVEST/genotypes-base-src/software/bcftools-1.7/bcftools merge --info-rules INFO:avg -o /mnt/archive/HARVEST/genotypes-base/imputed/merged/10-merged.vcf.gz -Oz /mnt/archive/HARVEST/delivery-fhi/data/imputed/imputed_m12/10.vcf.gz /mnt/archive/HARVEST/delivery-fhi/data/imputed/imputed_m24/10.vcf.gz
        


        /mnt/archive/HARVEST/genotypes-base-src/software/bcftools-1.7/bcftools merge --info-rules INFO:avg -o /mnt/archive/HARVEST/genotypes-base/imputed/merged/13-merged.vcf.gz -Oz /mnt/archive/HARVEST/delivery-fhi/data/imputed/imputed_m12/13.vcf.gz /mnt/archive/HARVEST/delivery-fhi/data/imputed/imputed_m24/13.vcf.gz
        

rule merge_imputed:
    input: /mnt/archive/HARVEST/delivery-fhi/data/imputed/imputed_m12/17.vcf.gz, /mnt/archive/HARVEST/delivery-fhi/data/imputed/imputed_m24/17.vcf.gz
    output: /mnt/archive/HARVEST/genotypes-base/imputed/merged/17-merged.vcf.gz
    jobid: 64
    wildcards: chr=17

rule merge_imputed:
    input: /mnt/archive/HARVEST/delivery-fhi/data/imputed/imputed_m12/12.vcf.gz, /mnt/archive/HARVEST/delivery-fhi/data/imputed/imputed_m24/12.vcf.gz
    output: /mnt/archive/HARVEST/genotypes-base/imputed/merged/12-merged.vcf.gz
    jobid: 66
    wildcards: chr=12

        /mnt/archive/HARVEST/genotypes-base-src/software/bcftools-1.7/bcftools merge --info-rules INFO:avg -o /mnt/archive/HARVEST/genotypes-base/imputed/merged/17-merged.vcf.gz -Oz /mnt/archive/HARVEST/delivery-fhi/data/imputed/imputed_m12/17.vcf.gz /mnt/archive/HARVEST/delivery-fhi/data/imputed/imputed_m24/17.vcf.gz
        


        /mnt/archive/HARVEST/genotypes-base-src/software/bcftools-1.7/bcftools merge --info-rules INFO:avg -o /mnt/archive/HARVEST/genotypes-base/imputed/merged/12-merged.vcf.gz -Oz /mnt/archive/HARVEST/delivery-fhi/data/imputed/imputed_m12/12.vcf.gz /mnt/archive/HARVEST/delivery-fhi/data/imputed/imputed_m24/12.vcf.gz
        
Terminating processes on user request, this might take some time.
Error in rule merge_imputed:
    jobid: 57
Error in rule merge_imputed:
Error in rule merge_imputed:
Error in rule merge_imputed:
    output: /mnt/archive/HARVEST/genotypes-base/imputed/merged/10-merged.vcf.gz
Error in rule merge_imputed:
Error in rule merge_imputed:
Error in rule merge_imputed:
Error in rule merge_imputed:
Error in rule merge_imputed:
Error in rule merge_imputed:
Error in rule merge_imputed:
Error in rule merge_imputed:
Error in rule merge_imputed:
    jobid: 66
    output: /mnt/archive/HARVEST/genotypes-base/imputed/merged/12-merged.vcf.gz
Error in rule merge_imputed:
    jobid: 15
Error in rule merge_imputed:
Error in rule merge_imputed:
    jobid: 23
    jobid: 41

Error in rule merge_imputed:
Error in rule merge_imputed:
Error in rule merge_imputed:
    jobid: 40
Error in rule merge_imputed:
    jobid: 32
Error in rule merge_imputed:
    jobid: 21
    jobid: 11
    jobid: 1
    jobid: 4
    jobid: 13
    jobid: 64

Error in rule merge_imputed:
    jobid: 25
    output: /mnt/archive/HARVEST/genotypes-base/imputed/merged/4-merged.vcf.gz
    jobid: 51
    output: /mnt/archive/HARVEST/genotypes-base/imputed/merged/11-merged.vcf.gz
    output: /mnt/archive/HARVEST/genotypes-base/imputed/merged/16-merged.vcf.gz
    output: /mnt/archive/HARVEST/genotypes-base/imputed/merged/5-merged.vcf.gz
    jobid: 35
    jobid: 14
    jobid: 34
    output: /mnt/archive/HARVEST/genotypes-base/imputed/merged/8-merged.vcf.gz
    jobid: 59
RuleException:
CalledProcessError in line 24 of /mnt/archive/HARVEST/genotypes-base-src/snakefiles/generate-base.snake:
Command ' set -euo pipefail;  
        /mnt/archive/HARVEST/genotypes-base-src/software/bcftools-1.7/bcftools merge --info-rules INFO:avg -o /mnt/archive/HARVEST/genotypes-base/imputed/merged/10-merged.vcf.gz -Oz /mnt/archive/HARVEST/delivery-fhi/data/imputed/imputed_m12/10.vcf.gz /mnt/archive/HARVEST/delivery-fhi/data/imputed/imputed_m24/10.vcf.gz ' returned non-zero exit status -2
  File "/mnt/archive/HARVEST/genotypes-base-src/snakefiles/generate-base.snake", line 24, in __rule_merge_imputed
  File "/usr/lib/python3.5/concurrent/futures/thread.py", line 55, in run
    output: /mnt/archive/HARVEST/genotypes-base/imputed/merged/21-merged.vcf.gz
    jobid: 43
    output: /mnt/archive/HARVEST/genotypes-base/imputed/merged/22-merged.vcf.gz
    output: /mnt/archive/HARVEST/genotypes-base/imputed/merged/18-merged.vcf.gz
    output: /mnt/archive/HARVEST/genotypes-base/imputed/merged/15-merged.vcf.gz
    output: /mnt/archive/HARVEST/genotypes-base/imputed/merged/7-merged.vcf.gz
    output: /mnt/archive/HARVEST/genotypes-base/imputed/merged/20-merged.vcf.gz
    output: /mnt/archive/HARVEST/genotypes-base/imputed/merged/17-merged.vcf.gz
    jobid: 38
    output: /mnt/archive/HARVEST/genotypes-base/imputed/merged/3-merged.vcf.gz
RuleException:
CalledProcessError in line 24 of /mnt/archive/HARVEST/genotypes-base-src/snakefiles/generate-base.snake:
Command ' set -euo pipefail;  
        /mnt/archive/HARVEST/genotypes-base-src/software/bcftools-1.7/bcftools merge --info-rules INFO:avg -o /mnt/archive/HARVEST/genotypes-base/imputed/merged/12-merged.vcf.gz -Oz /mnt/archive/HARVEST/delivery-fhi/data/imputed/imputed_m12/12.vcf.gz /mnt/archive/HARVEST/delivery-fhi/data/imputed/imputed_m24/12.vcf.gz ' returned non-zero exit status -2
  File "/mnt/archive/HARVEST/genotypes-base-src/snakefiles/generate-base.snake", line 24, in __rule_merge_imputed
  File "/usr/lib/python3.5/concurrent/futures/thread.py", line 55, in run





    output: /mnt/archive/HARVEST/genotypes-base/imputed/merged/2-merged.vcf.gz
    output: /mnt/archive/HARVEST/genotypes-base/imputed/merged/9-merged.vcf.gz
    output: /mnt/archive/HARVEST/genotypes-base/imputed/merged/1-merged.vcf.gz

RuleException:
CalledProcessError in line 24 of /mnt/archive/HARVEST/genotypes-base-src/snakefiles/generate-base.snake:
Command ' set -euo pipefail;  
        /mnt/archive/HARVEST/genotypes-base-src/software/bcftools-1.7/bcftools merge --info-rules INFO:avg -o /mnt/archive/HARVEST/genotypes-base/imputed/merged/8-merged.vcf.gz -Oz /mnt/archive/HARVEST/delivery-fhi/data/imputed/imputed_m12/8.vcf.gz /mnt/archive/HARVEST/delivery-fhi/data/imputed/imputed_m24/8.vcf.gz ' returned non-zero exit status -2
  File "/mnt/archive/HARVEST/genotypes-base-src/snakefiles/generate-base.snake", line 24, in __rule_merge_imputed
  File "/usr/lib/python3.5/concurrent/futures/thread.py", line 55, in run
Removing output files of failed job merge_imputed since they might be corrupted:
/mnt/archive/HARVEST/genotypes-base/imputed/merged/10-merged.vcf.gz

    output: /mnt/archive/HARVEST/genotypes-base/imputed/merged/13-merged.vcf.gz






    output: /mnt/archive/HARVEST/genotypes-base/imputed/merged/6-merged.vcf.gz
    jobid: 46
RuleException:
CalledProcessError in line 24 of /mnt/archive/HARVEST/genotypes-base-src/snakefiles/generate-base.snake:
Command ' set -euo pipefail;  
        /mnt/archive/HARVEST/genotypes-base-src/software/bcftools-1.7/bcftools merge --info-rules INFO:avg -o /mnt/archive/HARVEST/genotypes-base/imputed/merged/4-merged.vcf.gz -Oz /mnt/archive/HARVEST/delivery-fhi/data/imputed/imputed_m12/4.vcf.gz /mnt/archive/HARVEST/delivery-fhi/data/imputed/imputed_m24/4.vcf.gz ' returned non-zero exit status -2
  File "/mnt/archive/HARVEST/genotypes-base-src/snakefiles/generate-base.snake", line 24, in __rule_merge_imputed
  File "/usr/lib/python3.5/concurrent/futures/thread.py", line 55, in run
RuleException:
CalledProcessError in line 24 of /mnt/archive/HARVEST/genotypes-base-src/snakefiles/generate-base.snake:
Command ' set -euo pipefail;  
        /mnt/archive/HARVEST/genotypes-base-src/software/bcftools-1.7/bcftools merge --info-rules INFO:avg -o /mnt/archive/HARVEST/genotypes-base/imputed/merged/11-merged.vcf.gz -Oz /mnt/archive/HARVEST/delivery-fhi/data/imputed/imputed_m12/11.vcf.gz /mnt/archive/HARVEST/delivery-fhi/data/imputed/imputed_m24/11.vcf.gz ' returned non-zero exit status -2
  File "/mnt/archive/HARVEST/genotypes-base-src/snakefiles/generate-base.snake", line 24, in __rule_merge_imputed
  File "/usr/lib/python3.5/concurrent/futures/thread.py", line 55, in run
RuleException:
CalledProcessError in line 24 of /mnt/archive/HARVEST/genotypes-base-src/snakefiles/generate-base.snake:
Command ' set -euo pipefail;  
        /mnt/archive/HARVEST/genotypes-base-src/software/bcftools-1.7/bcftools merge --info-rules INFO:avg -o /mnt/archive/HARVEST/genotypes-base/imputed/merged/3-merged.vcf.gz -Oz /mnt/archive/HARVEST/delivery-fhi/data/imputed/imputed_m12/3.vcf.gz /mnt/archive/HARVEST/delivery-fhi/data/imputed/imputed_m24/3.vcf.gz ' returned non-zero exit status -2
  File "/mnt/archive/HARVEST/genotypes-base-src/snakefiles/generate-base.snake", line 24, in __rule_merge_imputed
  File "/usr/lib/python3.5/concurrent/futures/thread.py", line 55, in run


RuleException:
CalledProcessError in line 24 of /mnt/archive/HARVEST/genotypes-base-src/snakefiles/generate-base.snake:
Command ' set -euo pipefail;  
        /mnt/archive/HARVEST/genotypes-base-src/software/bcftools-1.7/bcftools merge --info-rules INFO:avg -o /mnt/archive/HARVEST/genotypes-base/imputed/merged/16-merged.vcf.gz -Oz /mnt/archive/HARVEST/delivery-fhi/data/imputed/imputed_m12/16.vcf.gz /mnt/archive/HARVEST/delivery-fhi/data/imputed/imputed_m24/16.vcf.gz ' returned non-zero exit status -2
  File "/mnt/archive/HARVEST/genotypes-base-src/snakefiles/generate-base.snake", line 24, in __rule_merge_imputed
  File "/usr/lib/python3.5/concurrent/futures/thread.py", line 55, in run
RuleException:
CalledProcessError in line 24 of /mnt/archive/HARVEST/genotypes-base-src/snakefiles/generate-base.snake:
Command ' set -euo pipefail;  
        /mnt/archive/HARVEST/genotypes-base-src/software/bcftools-1.7/bcftools merge --info-rules INFO:avg -o /mnt/archive/HARVEST/genotypes-base/imputed/merged/5-merged.vcf.gz -Oz /mnt/archive/HARVEST/delivery-fhi/data/imputed/imputed_m12/5.vcf.gz /mnt/archive/HARVEST/delivery-fhi/data/imputed/imputed_m24/5.vcf.gz ' returned non-zero exit status -2
  File "/mnt/archive/HARVEST/genotypes-base-src/snakefiles/generate-base.snake", line 24, in __rule_merge_imputed
  File "/usr/lib/python3.5/concurrent/futures/thread.py", line 55, in run

    output: /mnt/archive/HARVEST/genotypes-base/imputed/merged/19-merged.vcf.gz

RuleException:
CalledProcessError in line 24 of /mnt/archive/HARVEST/genotypes-base-src/snakefiles/generate-base.snake:
Command ' set -euo pipefail;  
        /mnt/archive/HARVEST/genotypes-base-src/software/bcftools-1.7/bcftools merge --info-rules INFO:avg -o /mnt/archive/HARVEST/genotypes-base/imputed/merged/18-merged.vcf.gz -Oz /mnt/archive/HARVEST/delivery-fhi/data/imputed/imputed_m12/18.vcf.gz /mnt/archive/HARVEST/delivery-fhi/data/imputed/imputed_m24/18.vcf.gz ' returned non-zero exit status -2
  File "/mnt/archive/HARVEST/genotypes-base-src/snakefiles/generate-base.snake", line 24, in __rule_merge_imputed
  File "/usr/lib/python3.5/concurrent/futures/thread.py", line 55, in run
Removing output files of failed job merge_imputed since they might be corrupted:
/mnt/archive/HARVEST/genotypes-base/imputed/merged/12-merged.vcf.gz
RuleException:
CalledProcessError in line 24 of /mnt/archive/HARVEST/genotypes-base-src/snakefiles/generate-base.snake:
Command ' set -euo pipefail;  
        /mnt/archive/HARVEST/genotypes-base-src/software/bcftools-1.7/bcftools merge --info-rules INFO:avg -o /mnt/archive/HARVEST/genotypes-base/imputed/merged/22-merged.vcf.gz -Oz /mnt/archive/HARVEST/delivery-fhi/data/imputed/imputed_m12/22.vcf.gz /mnt/archive/HARVEST/delivery-fhi/data/imputed/imputed_m24/22.vcf.gz ' returned non-zero exit status -2
  File "/mnt/archive/HARVEST/genotypes-base-src/snakefiles/generate-base.snake", line 24, in __rule_merge_imputed
  File "/usr/lib/python3.5/concurrent/futures/thread.py", line 55, in run
RuleException:
CalledProcessError in line 24 of /mnt/archive/HARVEST/genotypes-base-src/snakefiles/generate-base.snake:
Command ' set -euo pipefail;  
        /mnt/archive/HARVEST/genotypes-base-src/software/bcftools-1.7/bcftools merge --info-rules INFO:avg -o /mnt/archive/HARVEST/genotypes-base/imputed/merged/15-merged.vcf.gz -Oz /mnt/archive/HARVEST/delivery-fhi/data/imputed/imputed_m12/15.vcf.gz /mnt/archive/HARVEST/delivery-fhi/data/imputed/imputed_m24/15.vcf.gz ' returned non-zero exit status -2
  File "/mnt/archive/HARVEST/genotypes-base-src/snakefiles/generate-base.snake", line 24, in __rule_merge_imputed
  File "/usr/lib/python3.5/concurrent/futures/thread.py", line 55, in run
RuleException:
CalledProcessError in line 24 of /mnt/archive/HARVEST/genotypes-base-src/snakefiles/generate-base.snake:
Command ' set -euo pipefail;  
        /mnt/archive/HARVEST/genotypes-base-src/software/bcftools-1.7/bcftools merge --info-rules INFO:avg -o /mnt/archive/HARVEST/genotypes-base/imputed/merged/7-merged.vcf.gz -Oz /mnt/archive/HARVEST/delivery-fhi/data/imputed/imputed_m12/7.vcf.gz /mnt/archive/HARVEST/delivery-fhi/data/imputed/imputed_m24/7.vcf.gz ' returned non-zero exit status -2
  File "/mnt/archive/HARVEST/genotypes-base-src/snakefiles/generate-base.snake", line 24, in __rule_merge_imputed
  File "/usr/lib/python3.5/concurrent/futures/thread.py", line 55, in run
RuleException:
CalledProcessError in line 24 of /mnt/archive/HARVEST/genotypes-base-src/snakefiles/generate-base.snake:
Command ' set -euo pipefail;  
        /mnt/archive/HARVEST/genotypes-base-src/software/bcftools-1.7/bcftools merge --info-rules INFO:avg -o /mnt/archive/HARVEST/genotypes-base/imputed/merged/21-merged.vcf.gz -Oz /mnt/archive/HARVEST/delivery-fhi/data/imputed/imputed_m12/21.vcf.gz /mnt/archive/HARVEST/delivery-fhi/data/imputed/imputed_m24/21.vcf.gz ' returned non-zero exit status -2
  File "/mnt/archive/HARVEST/genotypes-base-src/snakefiles/generate-base.snake", line 24, in __rule_merge_imputed
  File "/usr/lib/python3.5/concurrent/futures/thread.py", line 55, in run
RuleException:
CalledProcessError in line 24 of /mnt/archive/HARVEST/genotypes-base-src/snakefiles/generate-base.snake:
Command ' set -euo pipefail;  
        /mnt/archive/HARVEST/genotypes-base-src/software/bcftools-1.7/bcftools merge --info-rules INFO:avg -o /mnt/archive/HARVEST/genotypes-base/imputed/merged/20-merged.vcf.gz -Oz /mnt/archive/HARVEST/delivery-fhi/data/imputed/imputed_m12/20.vcf.gz /mnt/archive/HARVEST/delivery-fhi/data/imputed/imputed_m24/20.vcf.gz ' returned non-zero exit status -2
  File "/mnt/archive/HARVEST/genotypes-base-src/snakefiles/generate-base.snake", line 24, in __rule_merge_imputed
  File "/usr/lib/python3.5/concurrent/futures/thread.py", line 55, in run

    output: /mnt/archive/HARVEST/genotypes-base/imputed/merged/14-merged.vcf.gz
RuleException:
CalledProcessError in line 24 of /mnt/archive/HARVEST/genotypes-base-src/snakefiles/generate-base.snake:
Command ' set -euo pipefail;  
        /mnt/archive/HARVEST/genotypes-base-src/software/bcftools-1.7/bcftools merge --info-rules INFO:avg -o /mnt/archive/HARVEST/genotypes-base/imputed/merged/17-merged.vcf.gz -Oz /mnt/archive/HARVEST/delivery-fhi/data/imputed/imputed_m12/17.vcf.gz /mnt/archive/HARVEST/delivery-fhi/data/imputed/imputed_m24/17.vcf.gz ' returned non-zero exit status -2
  File "/mnt/archive/HARVEST/genotypes-base-src/snakefiles/generate-base.snake", line 24, in __rule_merge_imputed
  File "/usr/lib/python3.5/concurrent/futures/thread.py", line 55, in run
RuleException:
CalledProcessError in line 24 of /mnt/archive/HARVEST/genotypes-base-src/snakefiles/generate-base.snake:
Command ' set -euo pipefail;  
        /mnt/archive/HARVEST/genotypes-base-src/software/bcftools-1.7/bcftools merge --info-rules INFO:avg -o /mnt/archive/HARVEST/genotypes-base/imputed/merged/2-merged.vcf.gz -Oz /mnt/archive/HARVEST/delivery-fhi/data/imputed/imputed_m12/2.vcf.gz /mnt/archive/HARVEST/delivery-fhi/data/imputed/imputed_m24/2.vcf.gz ' returned non-zero exit status -2
  File "/mnt/archive/HARVEST/genotypes-base-src/snakefiles/generate-base.snake", line 24, in __rule_merge_imputed
  File "/usr/lib/python3.5/concurrent/futures/thread.py", line 55, in run
RuleException:
CalledProcessError in line 24 of /mnt/archive/HARVEST/genotypes-base-src/snakefiles/generate-base.snake:
Command ' set -euo pipefail;  
        /mnt/archive/HARVEST/genotypes-base-src/software/bcftools-1.7/bcftools merge --info-rules INFO:avg -o /mnt/archive/HARVEST/genotypes-base/imputed/merged/9-merged.vcf.gz -Oz /mnt/archive/HARVEST/delivery-fhi/data/imputed/imputed_m12/9.vcf.gz /mnt/archive/HARVEST/delivery-fhi/data/imputed/imputed_m24/9.vcf.gz ' returned non-zero exit status -2
  File "/mnt/archive/HARVEST/genotypes-base-src/snakefiles/generate-base.snake", line 24, in __rule_merge_imputed
  File "/usr/lib/python3.5/concurrent/futures/thread.py", line 55, in run
RuleException:
CalledProcessError in line 24 of /mnt/archive/HARVEST/genotypes-base-src/snakefiles/generate-base.snake:
Command ' set -euo pipefail;  
        /mnt/archive/HARVEST/genotypes-base-src/software/bcftools-1.7/bcftools merge --info-rules INFO:avg -o /mnt/archive/HARVEST/genotypes-base/imputed/merged/1-merged.vcf.gz -Oz /mnt/archive/HARVEST/delivery-fhi/data/imputed/imputed_m12/1.vcf.gz /mnt/archive/HARVEST/delivery-fhi/data/imputed/imputed_m24/1.vcf.gz ' returned non-zero exit status -2
  File "/mnt/archive/HARVEST/genotypes-base-src/snakefiles/generate-base.snake", line 24, in __rule_merge_imputed
  File "/usr/lib/python3.5/concurrent/futures/thread.py", line 55, in run

Removing output files of failed job merge_imputed since they might be corrupted:
/mnt/archive/HARVEST/genotypes-base/imputed/merged/8-merged.vcf.gz
RuleException:
CalledProcessError in line 24 of /mnt/archive/HARVEST/genotypes-base-src/snakefiles/generate-base.snake:
Command ' set -euo pipefail;  
        /mnt/archive/HARVEST/genotypes-base-src/software/bcftools-1.7/bcftools merge --info-rules INFO:avg -o /mnt/archive/HARVEST/genotypes-base/imputed/merged/13-merged.vcf.gz -Oz /mnt/archive/HARVEST/delivery-fhi/data/imputed/imputed_m12/13.vcf.gz /mnt/archive/HARVEST/delivery-fhi/data/imputed/imputed_m24/13.vcf.gz ' returned non-zero exit status -2
  File "/mnt/archive/HARVEST/genotypes-base-src/snakefiles/generate-base.snake", line 24, in __rule_merge_imputed
  File "/usr/lib/python3.5/concurrent/futures/thread.py", line 55, in run
RuleException:
CalledProcessError in line 24 of /mnt/archive/HARVEST/genotypes-base-src/snakefiles/generate-base.snake:
Command ' set -euo pipefail;  
        /mnt/archive/HARVEST/genotypes-base-src/software/bcftools-1.7/bcftools merge --info-rules INFO:avg -o /mnt/archive/HARVEST/genotypes-base/imputed/merged/19-merged.vcf.gz -Oz /mnt/archive/HARVEST/delivery-fhi/data/imputed/imputed_m12/19.vcf.gz /mnt/archive/HARVEST/delivery-fhi/data/imputed/imputed_m24/19.vcf.gz ' returned non-zero exit status -2
  File "/mnt/archive/HARVEST/genotypes-base-src/snakefiles/generate-base.snake", line 24, in __rule_merge_imputed
  File "/usr/lib/python3.5/concurrent/futures/thread.py", line 55, in run
RuleException:
CalledProcessError in line 24 of /mnt/archive/HARVEST/genotypes-base-src/snakefiles/generate-base.snake:
Command ' set -euo pipefail;  
        /mnt/archive/HARVEST/genotypes-base-src/software/bcftools-1.7/bcftools merge --info-rules INFO:avg -o /mnt/archive/HARVEST/genotypes-base/imputed/merged/6-merged.vcf.gz -Oz /mnt/archive/HARVEST/delivery-fhi/data/imputed/imputed_m12/6.vcf.gz /mnt/archive/HARVEST/delivery-fhi/data/imputed/imputed_m24/6.vcf.gz ' returned non-zero exit status -2
  File "/mnt/archive/HARVEST/genotypes-base-src/snakefiles/generate-base.snake", line 24, in __rule_merge_imputed
  File "/usr/lib/python3.5/concurrent/futures/thread.py", line 55, in run

Removing output files of failed job merge_imputed since they might be corrupted:
/mnt/archive/HARVEST/genotypes-base/imputed/merged/4-merged.vcf.gz
RuleException:
CalledProcessError in line 24 of /mnt/archive/HARVEST/genotypes-base-src/snakefiles/generate-base.snake:
Command ' set -euo pipefail;  
        /mnt/archive/HARVEST/genotypes-base-src/software/bcftools-1.7/bcftools merge --info-rules INFO:avg -o /mnt/archive/HARVEST/genotypes-base/imputed/merged/14-merged.vcf.gz -Oz /mnt/archive/HARVEST/delivery-fhi/data/imputed/imputed_m12/14.vcf.gz /mnt/archive/HARVEST/delivery-fhi/data/imputed/imputed_m24/14.vcf.gz ' returned non-zero exit status -2
  File "/mnt/archive/HARVEST/genotypes-base-src/snakefiles/generate-base.snake", line 24, in __rule_merge_imputed
  File "/usr/lib/python3.5/concurrent/futures/thread.py", line 55, in run
Removing output files of failed job merge_imputed since they might be corrupted:
/mnt/archive/HARVEST/genotypes-base/imputed/merged/11-merged.vcf.gz
Removing output files of failed job merge_imputed since they might be corrupted:
/mnt/archive/HARVEST/genotypes-base/imputed/merged/3-merged.vcf.gz
Removing output files of failed job merge_imputed since they might be corrupted:
/mnt/archive/HARVEST/genotypes-base/imputed/merged/16-merged.vcf.gz
Removing output files of failed job merge_imputed since they might be corrupted:
/mnt/archive/HARVEST/genotypes-base/imputed/merged/5-merged.vcf.gz
Removing output files of failed job merge_imputed since they might be corrupted:
/mnt/archive/HARVEST/genotypes-base/imputed/merged/18-merged.vcf.gz
Removing output files of failed job merge_imputed since they might be corrupted:
/mnt/archive/HARVEST/genotypes-base/imputed/merged/22-merged.vcf.gz
Removing output files of failed job merge_imputed since they might be corrupted:
/mnt/archive/HARVEST/genotypes-base/imputed/merged/15-merged.vcf.gz
Removing output files of failed job merge_imputed since they might be corrupted:
/mnt/archive/HARVEST/genotypes-base/imputed/merged/7-merged.vcf.gz
Removing output files of failed job merge_imputed since they might be corrupted:
/mnt/archive/HARVEST/genotypes-base/imputed/merged/21-merged.vcf.gz
Removing output files of failed job merge_imputed since they might be corrupted:
/mnt/archive/HARVEST/genotypes-base/imputed/merged/20-merged.vcf.gz
Removing output files of failed job merge_imputed since they might be corrupted:
/mnt/archive/HARVEST/genotypes-base/imputed/merged/17-merged.vcf.gz
Removing output files of failed job merge_imputed since they might be corrupted:
/mnt/archive/HARVEST/genotypes-base/imputed/merged/2-merged.vcf.gz
Removing output files of failed job merge_imputed since they might be corrupted:
/mnt/archive/HARVEST/genotypes-base/imputed/merged/9-merged.vcf.gz
Removing output files of failed job merge_imputed since they might be corrupted:
/mnt/archive/HARVEST/genotypes-base/imputed/merged/1-merged.vcf.gz
Removing output files of failed job merge_imputed since they might be corrupted:
/mnt/archive/HARVEST/genotypes-base/imputed/merged/13-merged.vcf.gz
Removing output files of failed job merge_imputed since they might be corrupted:
/mnt/archive/HARVEST/genotypes-base/imputed/merged/19-merged.vcf.gz
Removing output files of failed job merge_imputed since they might be corrupted:
/mnt/archive/HARVEST/genotypes-base/imputed/merged/6-merged.vcf.gz
Removing output files of failed job merge_imputed since they might be corrupted:
/mnt/archive/HARVEST/genotypes-base/imputed/merged/14-merged.vcf.gz
Complete log: /mnt/archive/HARVEST/genotypes-base-src/snakefiles/.snakemake/log/2018-03-22T143021.314543.snakemake.log
